<?xml version="1.0" encoding="UTF-8"?>
<robot generator="Robot 3.2.2 (Python 3.9.1 on win32)" generated="20210404 15:35:21.003" rpa="false">
<suite id="s1" name="Casos" source="A:\testes\fidelidade\casos.robot">
<test id="s1-t1" name="TC01 - Simulação com Matricula Válida: 05-DE-82">
<kw name="Open Browser" library="Selenium2Library" type="setup">
<doc>Opens a new browser instance to the optional ``url``.</doc>
<arguments>
<arg>${fidelidade}</arg>
<arg>Firefox</arg>
</arguments>
<msg timestamp="20210404 15:35:21.391" level="INFO">Opening browser 'Firefox' to base url 'https://www.fidelidade.pt/PT/particulares/Auto/Simuladores/Automovel/Paginas/default.aspx'.</msg>
<msg timestamp="20210404 15:35:21.393" level="INFO">Firefox driver log is always forced to to: A:\testes\fidelidade\logs\geckodriver-1.log</msg>
<status status="PASS" starttime="20210404 15:35:21.390" endtime="20210404 15:35:38.909"></status>
</kw>
<kw name="Inciando o Teste" library="base">
<kw name="Validação de Página Principal Carregada" library="base">
<kw name="Aguardar pelo Elemento Iframe" library="base">
<kw name="Wait Until Element Is Visible" library="Selenium2Library">
<doc>Waits until the element ``locator`` is visible.</doc>
<arguments>
<arg>xpath://*[@id='Simulator']</arg>
</arguments>
<status status="PASS" starttime="20210404 15:35:38.913" endtime="20210404 15:35:39.025"></status>
</kw>
<status status="PASS" starttime="20210404 15:35:38.912" endtime="20210404 15:35:39.025"></status>
</kw>
<kw name="Selecionar o Iframe" library="base">
<kw name="Select Frame" library="Selenium2Library">
<doc>Sets frame identified by ``locator`` as the current frame.</doc>
<arguments>
<arg>xpath://*[@id='Simulator']</arg>
</arguments>
<msg timestamp="20210404 15:35:39.027" level="INFO">Selecting frame 'xpath://*[@id='Simulator']'.</msg>
<status status="PASS" starttime="20210404 15:35:39.026" endtime="20210404 15:35:39.093"></status>
</kw>
<status status="PASS" starttime="20210404 15:35:39.026" endtime="20210404 15:35:39.094"></status>
</kw>
<kw name="Page Should Contain Element" library="Selenium2Library">
<doc>Verifies that element ``locator`` is found on the current page.</doc>
<arguments>
<arg>css:.Bold</arg>
</arguments>
<msg timestamp="20210404 15:35:39.101" level="INFO">Current page contains element 'css:.Bold'.</msg>
<status status="PASS" starttime="20210404 15:35:39.094" endtime="20210404 15:35:39.101"></status>
</kw>
<kw name="Page Should Contain" library="Selenium2Library">
<doc>Verifies that current page contains ``text``.</doc>
<arguments>
<arg>Qual é a sua matrícula?</arg>
</arguments>
<msg timestamp="20210404 15:35:39.146" level="INFO">Current page contains text 'Qual é a sua matrícula?'.</msg>
<status status="PASS" starttime="20210404 15:35:39.101" endtime="20210404 15:35:39.146"></status>
</kw>
<status status="PASS" starttime="20210404 15:35:38.911" endtime="20210404 15:35:39.146"></status>
</kw>
<status status="PASS" starttime="20210404 15:35:38.911" endtime="20210404 15:35:39.146"></status>
</kw>
<kw name="Buscando a Matricula" library="base">
<kw name="Aguardar pelo Elemento Iframe" library="base">
<kw name="Wait Until Element Is Visible" library="Selenium2Library">
<doc>Waits until the element ``locator`` is visible.</doc>
<arguments>
<arg>xpath://*[@id='Simulator']</arg>
</arguments>
<status status="PASS" starttime="20210404 15:35:39.148" endtime="20210404 15:35:39.232"></status>
</kw>
<status status="PASS" starttime="20210404 15:35:39.148" endtime="20210404 15:35:39.232"></status>
</kw>
<kw name="Selecionar o Iframe" library="base">
<kw name="Select Frame" library="Selenium2Library">
<doc>Sets frame identified by ``locator`` as the current frame.</doc>
<arguments>
<arg>xpath://*[@id='Simulator']</arg>
</arguments>
<msg timestamp="20210404 15:35:39.233" level="INFO">Selecting frame 'xpath://*[@id='Simulator']'.</msg>
<status status="PASS" starttime="20210404 15:35:39.233" endtime="20210404 15:35:39.348"></status>
</kw>
<status status="PASS" starttime="20210404 15:35:39.233" endtime="20210404 15:35:39.348"></status>
</kw>
<kw name="Clicar no Campo de Matricula" library="base">
<kw name="Click Element" library="Selenium2Library">
<doc>Click the element identified by ``locator``.</doc>
<arguments>
<arg>xpath://input[@class="OSFillParent"]</arg>
</arguments>
<msg timestamp="20210404 15:35:39.350" level="INFO">Clicking element 'xpath://input[@class="OSFillParent"]'.</msg>
<status status="PASS" starttime="20210404 15:35:39.349" endtime="20210404 15:35:40.100"></status>
</kw>
<status status="PASS" starttime="20210404 15:35:39.348" endtime="20210404 15:35:40.101"></status>
</kw>
<status status="PASS" starttime="20210404 15:35:39.147" endtime="20210404 15:35:40.101"></status>
</kw>
<kw name="Inserindo a Matricula" library="base">
<arguments>
<arg>${TC01}</arg>
</arguments>
<kw name="Input Text" library="Selenium2Library">
<doc>Types the given ``text`` into the text field identified by ``locator``.</doc>
<arguments>
<arg>xpath://input[@class="OSFillParent"]</arg>
<arg>${matricula}</arg>
</arguments>
<msg timestamp="20210404 15:35:40.103" level="INFO">Typing text '05DE82' into text field 'xpath://input[@class="OSFillParent"]'.</msg>
<status status="PASS" starttime="20210404 15:35:40.102" endtime="20210404 15:35:40.166"></status>
</kw>
<status status="PASS" starttime="20210404 15:35:40.102" endtime="20210404 15:35:40.167"></status>
</kw>
<kw name="Validando a Matricula" library="base">
<kw name="Clicar em Seguinte" library="base">
<kw name="Wait Until Element Is Visible" library="Selenium2Library">
<doc>Waits until the element ``locator`` is visible.</doc>
<arguments>
<arg>xpath://*[@value="Seguinte"]</arg>
</arguments>
<status status="PASS" starttime="20210404 15:35:40.169" endtime="20210404 15:35:40.203"></status>
</kw>
<kw name="Wait Until Element Is Not Visible" library="Selenium2Library">
<doc>Waits until the element ``locator`` is not visible.</doc>
<arguments>
<arg>xpath://input[@disabled="disabled"]</arg>
</arguments>
<status status="PASS" starttime="20210404 15:35:40.203" endtime="20210404 15:35:42.816"></status>
</kw>
<kw name="Click Element" library="Selenium2Library">
<doc>Click the element identified by ``locator``.</doc>
<arguments>
<arg>xpath://*[@value="Seguinte"]</arg>
</arguments>
<msg timestamp="20210404 15:35:42.817" level="INFO">Clicking element 'xpath://*[@value="Seguinte"]'.</msg>
<status status="PASS" starttime="20210404 15:35:42.817" endtime="20210404 15:35:43.079"></status>
</kw>
<status status="PASS" starttime="20210404 15:35:40.168" endtime="20210404 15:35:43.079"></status>
</kw>
<status status="PASS" starttime="20210404 15:35:40.168" endtime="20210404 15:35:43.079"></status>
</kw>
<kw name="Validação de Matricula Válida" library="base">
<kw name="Wait Until Element Is Not Visible" library="Selenium2Library">
<doc>Waits until the element ``locator`` is not visible.</doc>
<arguments>
<arg>xpath://input[@disabled="disabled"]</arg>
</arguments>
<status status="PASS" starttime="20210404 15:35:43.081" endtime="20210404 15:35:43.089"></status>
</kw>
<kw name="Page Should Not Contain Element" library="Selenium2Library">
<doc>Verifies that element ``locator`` is not found on the current page.</doc>
<arguments>
<arg>xpath://input[@disabled="disabled"]</arg>
</arguments>
<msg timestamp="20210404 15:35:43.096" level="INFO">Current page does not contain element 'xpath://input[@disabled="disabled"]'.</msg>
<status status="PASS" starttime="20210404 15:35:43.089" endtime="20210404 15:35:43.096"></status>
</kw>
<status status="PASS" starttime="20210404 15:35:43.080" endtime="20210404 15:35:43.096"></status>
</kw>
<kw name="Validação da Página de Cotação de Seguro" library="base">
<kw name="Aguardar a Página por 2s" library="base">
<kw name="Sleep" library="BuiltIn">
<doc>Pauses the test executed for the given time.</doc>
<arguments>
<arg>2</arg>
</arguments>
<msg timestamp="20210404 15:35:45.112" level="INFO">Slept 2 seconds</msg>
<status status="PASS" starttime="20210404 15:35:43.098" endtime="20210404 15:35:45.112"></status>
</kw>
<status status="PASS" starttime="20210404 15:35:43.097" endtime="20210404 15:35:45.113"></status>
</kw>
<kw name="Wait Until Element Is Visible" library="Selenium2Library">
<doc>Waits until the element ``locator`` is visible.</doc>
<arguments>
<arg>xpath://*[@class='HeaderContainer ResultsHeader']</arg>
</arguments>
<status status="PASS" starttime="20210404 15:35:45.113" endtime="20210404 15:35:47.819"></status>
</kw>
<kw name="Page Should Contain Element" library="Selenium2Library">
<doc>Verifies that element ``locator`` is found on the current page.</doc>
<arguments>
<arg>xpath://*[@class='HeaderContainer ResultsHeader']</arg>
</arguments>
<msg timestamp="20210404 15:35:47.841" level="INFO">Current page contains element 'xpath://*[@class='HeaderContainer ResultsHeader']'.</msg>
<status status="PASS" starttime="20210404 15:35:47.820" endtime="20210404 15:35:47.841"></status>
</kw>
<status status="PASS" starttime="20210404 15:35:43.097" endtime="20210404 15:35:47.841"></status>
</kw>
<kw name="Validação Cotação Matrícula 05-DE-82" library="base">
<kw name="Wait Until Page Contains" library="Selenium2Library">
<doc>Waits until ``text`` appears on the current page.</doc>
<arguments>
<arg>Este é um exemplo de pré-simulação para o veículo FORD Fiesta</arg>
</arguments>
<status status="PASS" starttime="20210404 15:35:47.843" endtime="20210404 15:35:47.916"></status>
</kw>
<kw name="Page Should Contain" library="Selenium2Library">
<doc>Verifies that current page contains ``text``.</doc>
<arguments>
<arg>Este é um exemplo de pré-simulação para o veículo FORD Fiesta</arg>
</arguments>
<msg timestamp="20210404 15:35:48.064" level="INFO">Current page contains text 'Este é um exemplo de pré-simulação para o veículo FORD Fiesta'.</msg>
<status status="PASS" starttime="20210404 15:35:47.916" endtime="20210404 15:35:48.065"></status>
</kw>
<status status="PASS" starttime="20210404 15:35:47.842" endtime="20210404 15:35:48.065"></status>
</kw>
<kw name="Finalizando o Teste" library="base">
<kw name="Tirar Print da Tela" library="base">
<kw name="Capture Page Screenshot" library="Selenium2Library">
<doc>Takes a screenshot of the current page and embeds it into a log file.</doc>
<msg timestamp="20210404 15:35:48.210" level="INFO" html="yes">&lt;/td&gt;&lt;/tr&gt;&lt;tr&gt;&lt;td colspan="3"&gt;&lt;a href="selenium-screenshot-1.png"&gt;&lt;img src="selenium-screenshot-1.png" width="800px"&gt;&lt;/a&gt;</msg>
<status status="PASS" starttime="20210404 15:35:48.070" endtime="20210404 15:35:48.210"></status>
</kw>
<status status="PASS" starttime="20210404 15:35:48.070" endtime="20210404 15:35:48.210"></status>
</kw>
<status status="PASS" starttime="20210404 15:35:48.069" endtime="20210404 15:35:48.210"></status>
</kw>
<kw name="Close Browser" library="Selenium2Library" type="teardown">
<doc>Closes the current browser.</doc>
<status status="PASS" starttime="20210404 15:35:48.212" endtime="20210404 15:35:49.996"></status>
</kw>
<tags>
<tag>TC01</tag>
</tags>
<status status="PASS" starttime="20210404 15:35:21.388" endtime="20210404 15:35:49.997" critical="yes"></status>
</test>
<test id="s1-t2" name="TC02 - Simulação com Matricula Válida: 24-54-XI">
<kw name="Open Browser" library="Selenium2Library" type="setup">
<doc>Opens a new browser instance to the optional ``url``.</doc>
<arguments>
<arg>${fidelidade}</arg>
<arg>Firefox</arg>
</arguments>
<msg timestamp="20210404 15:35:50.002" level="INFO">Opening browser 'Firefox' to base url 'https://www.fidelidade.pt/PT/particulares/Auto/Simuladores/Automovel/Paginas/default.aspx'.</msg>
<msg timestamp="20210404 15:35:50.004" level="INFO">Firefox driver log is always forced to to: A:\testes\fidelidade\logs\geckodriver-2.log</msg>
<status status="PASS" starttime="20210404 15:35:50.002" endtime="20210404 15:36:06.230"></status>
</kw>
<kw name="Inciando o Teste" library="base">
<kw name="Validação de Página Principal Carregada" library="base">
<kw name="Aguardar pelo Elemento Iframe" library="base">
<kw name="Wait Until Element Is Visible" library="Selenium2Library">
<doc>Waits until the element ``locator`` is visible.</doc>
<arguments>
<arg>xpath://*[@id='Simulator']</arg>
</arguments>
<status status="PASS" starttime="20210404 15:36:06.235" endtime="20210404 15:36:06.438"></status>
</kw>
<status status="PASS" starttime="20210404 15:36:06.234" endtime="20210404 15:36:06.438"></status>
</kw>
<kw name="Selecionar o Iframe" library="base">
<kw name="Select Frame" library="Selenium2Library">
<doc>Sets frame identified by ``locator`` as the current frame.</doc>
<arguments>
<arg>xpath://*[@id='Simulator']</arg>
</arguments>
<msg timestamp="20210404 15:36:06.440" level="INFO">Selecting frame 'xpath://*[@id='Simulator']'.</msg>
<status status="PASS" starttime="20210404 15:36:06.439" endtime="20210404 15:36:06.550"></status>
</kw>
<status status="PASS" starttime="20210404 15:36:06.439" endtime="20210404 15:36:06.550"></status>
</kw>
<kw name="Page Should Contain Element" library="Selenium2Library">
<doc>Verifies that element ``locator`` is found on the current page.</doc>
<arguments>
<arg>css:.Bold</arg>
</arguments>
<msg timestamp="20210404 15:36:06.595" level="INFO">Current page contains element 'css:.Bold'.</msg>
<status status="PASS" starttime="20210404 15:36:06.550" endtime="20210404 15:36:06.596"></status>
</kw>
<kw name="Page Should Contain" library="Selenium2Library">
<doc>Verifies that current page contains ``text``.</doc>
<arguments>
<arg>Qual é a sua matrícula?</arg>
</arguments>
<msg timestamp="20210404 15:36:06.938" level="INFO">Current page contains text 'Qual é a sua matrícula?'.</msg>
<status status="PASS" starttime="20210404 15:36:06.596" endtime="20210404 15:36:06.938"></status>
</kw>
<status status="PASS" starttime="20210404 15:36:06.234" endtime="20210404 15:36:06.938"></status>
</kw>
<status status="PASS" starttime="20210404 15:36:06.233" endtime="20210404 15:36:06.939"></status>
</kw>
<kw name="Buscando a Matricula" library="base">
<kw name="Aguardar pelo Elemento Iframe" library="base">
<kw name="Wait Until Element Is Visible" library="Selenium2Library">
<doc>Waits until the element ``locator`` is visible.</doc>
<arguments>
<arg>xpath://*[@id='Simulator']</arg>
</arguments>
<status status="PASS" starttime="20210404 15:36:06.942" endtime="20210404 15:36:07.041"></status>
</kw>
<status status="PASS" starttime="20210404 15:36:06.941" endtime="20210404 15:36:07.041"></status>
</kw>
<kw name="Selecionar o Iframe" library="base">
<kw name="Select Frame" library="Selenium2Library">
<doc>Sets frame identified by ``locator`` as the current frame.</doc>
<arguments>
<arg>xpath://*[@id='Simulator']</arg>
</arguments>
<msg timestamp="20210404 15:36:07.042" level="INFO">Selecting frame 'xpath://*[@id='Simulator']'.</msg>
<status status="PASS" starttime="20210404 15:36:07.042" endtime="20210404 15:36:07.102"></status>
</kw>
<status status="PASS" starttime="20210404 15:36:07.041" endtime="20210404 15:36:07.102"></status>
</kw>
<kw name="Clicar no Campo de Matricula" library="base">
<kw name="Click Element" library="Selenium2Library">
<doc>Click the element identified by ``locator``.</doc>
<arguments>
<arg>xpath://input[@class="OSFillParent"]</arg>
</arguments>
<msg timestamp="20210404 15:36:07.103" level="INFO">Clicking element 'xpath://input[@class="OSFillParent"]'.</msg>
<status status="PASS" starttime="20210404 15:36:07.103" endtime="20210404 15:36:07.843"></status>
</kw>
<status status="PASS" starttime="20210404 15:36:07.102" endtime="20210404 15:36:07.844"></status>
</kw>
<status status="PASS" starttime="20210404 15:36:06.941" endtime="20210404 15:36:07.844"></status>
</kw>
<kw name="Inserindo a Matricula" library="base">
<arguments>
<arg>${TC02}</arg>
</arguments>
<kw name="Input Text" library="Selenium2Library">
<doc>Types the given ``text`` into the text field identified by ``locator``.</doc>
<arguments>
<arg>xpath://input[@class="OSFillParent"]</arg>
<arg>${matricula}</arg>
</arguments>
<msg timestamp="20210404 15:36:07.846" level="INFO">Typing text '2454XI' into text field 'xpath://input[@class="OSFillParent"]'.</msg>
<status status="PASS" starttime="20210404 15:36:07.845" endtime="20210404 15:36:07.910"></status>
</kw>
<status status="PASS" starttime="20210404 15:36:07.845" endtime="20210404 15:36:07.911"></status>
</kw>
<kw name="Validando a Matricula" library="base">
<kw name="Clicar em Seguinte" library="base">
<kw name="Wait Until Element Is Visible" library="Selenium2Library">
<doc>Waits until the element ``locator`` is visible.</doc>
<arguments>
<arg>xpath://*[@value="Seguinte"]</arg>
</arguments>
<status status="PASS" starttime="20210404 15:36:07.913" endtime="20210404 15:36:07.956"></status>
</kw>
<kw name="Wait Until Element Is Not Visible" library="Selenium2Library">
<doc>Waits until the element ``locator`` is not visible.</doc>
<arguments>
<arg>xpath://input[@disabled="disabled"]</arg>
</arguments>
<status status="PASS" starttime="20210404 15:36:07.957" endtime="20210404 15:36:11.047"></status>
</kw>
<kw name="Click Element" library="Selenium2Library">
<doc>Click the element identified by ``locator``.</doc>
<arguments>
<arg>xpath://*[@value="Seguinte"]</arg>
</arguments>
<msg timestamp="20210404 15:36:11.048" level="INFO">Clicking element 'xpath://*[@value="Seguinte"]'.</msg>
<status status="PASS" starttime="20210404 15:36:11.047" endtime="20210404 15:36:11.351"></status>
</kw>
<status status="PASS" starttime="20210404 15:36:07.912" endtime="20210404 15:36:11.352"></status>
</kw>
<status status="PASS" starttime="20210404 15:36:07.911" endtime="20210404 15:36:11.352"></status>
</kw>
<kw name="Validação de Matricula Válida" library="base">
<kw name="Wait Until Element Is Not Visible" library="Selenium2Library">
<doc>Waits until the element ``locator`` is not visible.</doc>
<arguments>
<arg>xpath://input[@disabled="disabled"]</arg>
</arguments>
<status status="PASS" starttime="20210404 15:36:11.354" endtime="20210404 15:36:11.360"></status>
</kw>
<kw name="Page Should Not Contain Element" library="Selenium2Library">
<doc>Verifies that element ``locator`` is not found on the current page.</doc>
<arguments>
<arg>xpath://input[@disabled="disabled"]</arg>
</arguments>
<msg timestamp="20210404 15:36:11.371" level="INFO">Current page does not contain element 'xpath://input[@disabled="disabled"]'.</msg>
<status status="PASS" starttime="20210404 15:36:11.360" endtime="20210404 15:36:11.371"></status>
</kw>
<status status="PASS" starttime="20210404 15:36:11.353" endtime="20210404 15:36:11.371"></status>
</kw>
<kw name="Validação da Página de Cotação de Seguro" library="base">
<kw name="Aguardar a Página por 2s" library="base">
<kw name="Sleep" library="BuiltIn">
<doc>Pauses the test executed for the given time.</doc>
<arguments>
<arg>2</arg>
</arguments>
<msg timestamp="20210404 15:36:13.382" level="INFO">Slept 2 seconds</msg>
<status status="PASS" starttime="20210404 15:36:11.372" endtime="20210404 15:36:13.382"></status>
</kw>
<status status="PASS" starttime="20210404 15:36:11.372" endtime="20210404 15:36:13.382"></status>
</kw>
<kw name="Wait Until Element Is Visible" library="Selenium2Library">
<doc>Waits until the element ``locator`` is visible.</doc>
<arguments>
<arg>xpath://*[@class='HeaderContainer ResultsHeader']</arg>
</arguments>
<status status="PASS" starttime="20210404 15:36:13.383" endtime="20210404 15:36:15.703"></status>
</kw>
<kw name="Page Should Contain Element" library="Selenium2Library">
<doc>Verifies that element ``locator`` is found on the current page.</doc>
<arguments>
<arg>xpath://*[@class='HeaderContainer ResultsHeader']</arg>
</arguments>
<msg timestamp="20210404 15:36:15.732" level="INFO">Current page contains element 'xpath://*[@class='HeaderContainer ResultsHeader']'.</msg>
<status status="PASS" starttime="20210404 15:36:15.703" endtime="20210404 15:36:15.732"></status>
</kw>
<status status="PASS" starttime="20210404 15:36:11.372" endtime="20210404 15:36:15.732"></status>
</kw>
<kw name="Validação Cotação Matrícula 24-54-XI" library="base">
<kw name="Wait Until Page Contains" library="Selenium2Library">
<doc>Waits until ``text`` appears on the current page.</doc>
<arguments>
<arg>Este é um exemplo de pré-simulação para o veículo FORD Fiesta Diesel</arg>
</arguments>
<status status="PASS" starttime="20210404 15:36:15.739" endtime="20210404 15:36:15.792"></status>
</kw>
<kw name="Page Should Contain" library="Selenium2Library">
<doc>Verifies that current page contains ``text``.</doc>
<arguments>
<arg>Este é um exemplo de pré-simulação para o veículo FORD Fiesta Diesel</arg>
</arguments>
<msg timestamp="20210404 15:36:15.870" level="INFO">Current page contains text 'Este é um exemplo de pré-simulação para o veículo FORD Fiesta Diesel'.</msg>
<status status="PASS" starttime="20210404 15:36:15.792" endtime="20210404 15:36:15.870"></status>
</kw>
<status status="PASS" starttime="20210404 15:36:15.738" endtime="20210404 15:36:15.870"></status>
</kw>
<kw name="Finalizando o Teste" library="base">
<kw name="Tirar Print da Tela" library="base">
<kw name="Capture Page Screenshot" library="Selenium2Library">
<doc>Takes a screenshot of the current page and embeds it into a log file.</doc>
<msg timestamp="20210404 15:36:15.998" level="INFO" html="yes">&lt;/td&gt;&lt;/tr&gt;&lt;tr&gt;&lt;td colspan="3"&gt;&lt;a href="selenium-screenshot-2.png"&gt;&lt;img src="selenium-screenshot-2.png" width="800px"&gt;&lt;/a&gt;</msg>
<status status="PASS" starttime="20210404 15:36:15.873" endtime="20210404 15:36:15.999"></status>
</kw>
<status status="PASS" starttime="20210404 15:36:15.872" endtime="20210404 15:36:15.999"></status>
</kw>
<status status="PASS" starttime="20210404 15:36:15.871" endtime="20210404 15:36:15.999"></status>
</kw>
<kw name="Close Browser" library="Selenium2Library" type="teardown">
<doc>Closes the current browser.</doc>
<status status="PASS" starttime="20210404 15:36:16.087" endtime="20210404 15:36:18.140"></status>
</kw>
<tags>
<tag>TC02</tag>
</tags>
<status status="PASS" starttime="20210404 15:35:50.000" endtime="20210404 15:36:18.141" critical="yes"></status>
</test>
<test id="s1-t3" name="TC03 - Simulação com Matricula Válida: 22-HT-53">
<kw name="Open Browser" library="Selenium2Library" type="setup">
<doc>Opens a new browser instance to the optional ``url``.</doc>
<arguments>
<arg>${fidelidade}</arg>
<arg>Firefox</arg>
</arguments>
<msg timestamp="20210404 15:36:18.149" level="INFO">Opening browser 'Firefox' to base url 'https://www.fidelidade.pt/PT/particulares/Auto/Simuladores/Automovel/Paginas/default.aspx'.</msg>
<msg timestamp="20210404 15:36:18.151" level="INFO">Firefox driver log is always forced to to: A:\testes\fidelidade\logs\geckodriver-3.log</msg>
<status status="PASS" starttime="20210404 15:36:18.149" endtime="20210404 15:36:35.258"></status>
</kw>
<kw name="Inciando o Teste" library="base">
<kw name="Validação de Página Principal Carregada" library="base">
<kw name="Aguardar pelo Elemento Iframe" library="base">
<kw name="Wait Until Element Is Visible" library="Selenium2Library">
<doc>Waits until the element ``locator`` is visible.</doc>
<arguments>
<arg>xpath://*[@id='Simulator']</arg>
</arguments>
<status status="PASS" starttime="20210404 15:36:35.263" endtime="20210404 15:36:35.379"></status>
</kw>
<status status="PASS" starttime="20210404 15:36:35.262" endtime="20210404 15:36:35.379"></status>
</kw>
<kw name="Selecionar o Iframe" library="base">
<kw name="Select Frame" library="Selenium2Library">
<doc>Sets frame identified by ``locator`` as the current frame.</doc>
<arguments>
<arg>xpath://*[@id='Simulator']</arg>
</arguments>
<msg timestamp="20210404 15:36:35.381" level="INFO">Selecting frame 'xpath://*[@id='Simulator']'.</msg>
<status status="PASS" starttime="20210404 15:36:35.380" endtime="20210404 15:36:35.415"></status>
</kw>
<status status="PASS" starttime="20210404 15:36:35.380" endtime="20210404 15:36:35.415"></status>
</kw>
<kw name="Page Should Contain Element" library="Selenium2Library">
<doc>Verifies that element ``locator`` is found on the current page.</doc>
<arguments>
<arg>css:.Bold</arg>
</arguments>
<msg timestamp="20210404 15:36:35.452" level="INFO">Current page contains element 'css:.Bold'.</msg>
<status status="PASS" starttime="20210404 15:36:35.415" endtime="20210404 15:36:35.452"></status>
</kw>
<kw name="Page Should Contain" library="Selenium2Library">
<doc>Verifies that current page contains ``text``.</doc>
<arguments>
<arg>Qual é a sua matrícula?</arg>
</arguments>
<msg timestamp="20210404 15:36:35.675" level="INFO">Current page contains text 'Qual é a sua matrícula?'.</msg>
<status status="PASS" starttime="20210404 15:36:35.452" endtime="20210404 15:36:35.675"></status>
</kw>
<status status="PASS" starttime="20210404 15:36:35.261" endtime="20210404 15:36:35.675"></status>
</kw>
<status status="PASS" starttime="20210404 15:36:35.260" endtime="20210404 15:36:35.676"></status>
</kw>
<kw name="Buscando a Matricula" library="base">
<kw name="Aguardar pelo Elemento Iframe" library="base">
<kw name="Wait Until Element Is Visible" library="Selenium2Library">
<doc>Waits until the element ``locator`` is visible.</doc>
<arguments>
<arg>xpath://*[@id='Simulator']</arg>
</arguments>
<status status="PASS" starttime="20210404 15:36:35.678" endtime="20210404 15:36:35.727"></status>
</kw>
<status status="PASS" starttime="20210404 15:36:35.677" endtime="20210404 15:36:35.728"></status>
</kw>
<kw name="Selecionar o Iframe" library="base">
<kw name="Select Frame" library="Selenium2Library">
<doc>Sets frame identified by ``locator`` as the current frame.</doc>
<arguments>
<arg>xpath://*[@id='Simulator']</arg>
</arguments>
<msg timestamp="20210404 15:36:35.729" level="INFO">Selecting frame 'xpath://*[@id='Simulator']'.</msg>
<status status="PASS" starttime="20210404 15:36:35.729" endtime="20210404 15:36:35.747"></status>
</kw>
<status status="PASS" starttime="20210404 15:36:35.728" endtime="20210404 15:36:35.748"></status>
</kw>
<kw name="Clicar no Campo de Matricula" library="base">
<kw name="Click Element" library="Selenium2Library">
<doc>Click the element identified by ``locator``.</doc>
<arguments>
<arg>xpath://input[@class="OSFillParent"]</arg>
</arguments>
<msg timestamp="20210404 15:36:35.749" level="INFO">Clicking element 'xpath://input[@class="OSFillParent"]'.</msg>
<status status="PASS" starttime="20210404 15:36:35.749" endtime="20210404 15:36:36.046"></status>
</kw>
<status status="PASS" starttime="20210404 15:36:35.748" endtime="20210404 15:36:36.046"></status>
</kw>
<status status="PASS" starttime="20210404 15:36:35.676" endtime="20210404 15:36:36.047"></status>
</kw>
<kw name="Inserindo a Matricula" library="base">
<arguments>
<arg>${TC03}</arg>
</arguments>
<kw name="Input Text" library="Selenium2Library">
<doc>Types the given ``text`` into the text field identified by ``locator``.</doc>
<arguments>
<arg>xpath://input[@class="OSFillParent"]</arg>
<arg>${matricula}</arg>
</arguments>
<msg timestamp="20210404 15:36:36.049" level="INFO">Typing text '22HT53' into text field 'xpath://input[@class="OSFillParent"]'.</msg>
<status status="PASS" starttime="20210404 15:36:36.048" endtime="20210404 15:36:36.141"></status>
</kw>
<status status="PASS" starttime="20210404 15:36:36.047" endtime="20210404 15:36:36.141"></status>
</kw>
<kw name="Validando a Matricula" library="base">
<kw name="Clicar em Seguinte" library="base">
<kw name="Wait Until Element Is Visible" library="Selenium2Library">
<doc>Waits until the element ``locator`` is visible.</doc>
<arguments>
<arg>xpath://*[@value="Seguinte"]</arg>
</arguments>
<status status="PASS" starttime="20210404 15:36:36.144" endtime="20210404 15:36:36.212"></status>
</kw>
<kw name="Wait Until Element Is Not Visible" library="Selenium2Library">
<doc>Waits until the element ``locator`` is not visible.</doc>
<arguments>
<arg>xpath://input[@disabled="disabled"]</arg>
</arguments>
<status status="PASS" starttime="20210404 15:36:36.213" endtime="20210404 15:36:38.833"></status>
</kw>
<kw name="Click Element" library="Selenium2Library">
<doc>Click the element identified by ``locator``.</doc>
<arguments>
<arg>xpath://*[@value="Seguinte"]</arg>
</arguments>
<msg timestamp="20210404 15:36:38.834" level="INFO">Clicking element 'xpath://*[@value="Seguinte"]'.</msg>
<status status="PASS" starttime="20210404 15:36:38.834" endtime="20210404 15:36:39.091"></status>
</kw>
<status status="PASS" starttime="20210404 15:36:36.143" endtime="20210404 15:36:39.091"></status>
</kw>
<status status="PASS" starttime="20210404 15:36:36.142" endtime="20210404 15:36:39.091"></status>
</kw>
<kw name="Validação de Matricula Válida" library="base">
<kw name="Wait Until Element Is Not Visible" library="Selenium2Library">
<doc>Waits until the element ``locator`` is not visible.</doc>
<arguments>
<arg>xpath://input[@disabled="disabled"]</arg>
</arguments>
<status status="PASS" starttime="20210404 15:36:39.092" endtime="20210404 15:36:39.102"></status>
</kw>
<kw name="Page Should Not Contain Element" library="Selenium2Library">
<doc>Verifies that element ``locator`` is not found on the current page.</doc>
<arguments>
<arg>xpath://input[@disabled="disabled"]</arg>
</arguments>
<msg timestamp="20210404 15:36:39.108" level="INFO">Current page does not contain element 'xpath://input[@disabled="disabled"]'.</msg>
<status status="PASS" starttime="20210404 15:36:39.102" endtime="20210404 15:36:39.109"></status>
</kw>
<status status="PASS" starttime="20210404 15:36:39.092" endtime="20210404 15:36:39.109"></status>
</kw>
<kw name="Validação Cotação Matrícula 22-HT-53" library="base">
<kw name="Wait Until Page Contains" library="Selenium2Library">
<doc>Waits until ``text`` appears on the current page.</doc>
<arguments>
<arg>Este é um exemplo de pré-simulação para o veículo RENAULT Clio III Break Diesel</arg>
</arguments>
<status status="PASS" starttime="20210404 15:36:39.111" endtime="20210404 15:36:43.804"></status>
</kw>
<kw name="Page Should Contain" library="Selenium2Library">
<doc>Verifies that current page contains ``text``.</doc>
<arguments>
<arg>Este é um exemplo de pré-simulação para o veículo RENAULT Clio III Break Diesel</arg>
</arguments>
<msg timestamp="20210404 15:36:43.979" level="INFO">Current page contains text 'Este é um exemplo de pré-simulação para o veículo RENAULT Clio III Break Diesel'.</msg>
<status status="PASS" starttime="20210404 15:36:43.804" endtime="20210404 15:36:43.979"></status>
</kw>
<status status="PASS" starttime="20210404 15:36:39.110" endtime="20210404 15:36:43.980"></status>
</kw>
<kw name="Finalizando o Teste" library="base">
<kw name="Tirar Print da Tela" library="base">
<kw name="Capture Page Screenshot" library="Selenium2Library">
<doc>Takes a screenshot of the current page and embeds it into a log file.</doc>
<msg timestamp="20210404 15:36:44.120" level="INFO" html="yes">&lt;/td&gt;&lt;/tr&gt;&lt;tr&gt;&lt;td colspan="3"&gt;&lt;a href="selenium-screenshot-3.png"&gt;&lt;img src="selenium-screenshot-3.png" width="800px"&gt;&lt;/a&gt;</msg>
<status status="PASS" starttime="20210404 15:36:43.985" endtime="20210404 15:36:44.120"></status>
</kw>
<status status="PASS" starttime="20210404 15:36:43.984" endtime="20210404 15:36:44.120"></status>
</kw>
<status status="PASS" starttime="20210404 15:36:43.983" endtime="20210404 15:36:44.121"></status>
</kw>
<kw name="Close Browser" library="Selenium2Library" type="teardown">
<doc>Closes the current browser.</doc>
<status status="PASS" starttime="20210404 15:36:44.128" endtime="20210404 15:36:46.618"></status>
</kw>
<tags>
<tag>TC03</tag>
</tags>
<status status="PASS" starttime="20210404 15:36:18.144" endtime="20210404 15:36:46.625" critical="yes"></status>
</test>
<test id="s1-t4" name="TC04 - Tentativa de Acesso com a Matricula ZZ-AA-00">
<kw name="Open Browser" library="Selenium2Library" type="setup">
<doc>Opens a new browser instance to the optional ``url``.</doc>
<arguments>
<arg>${fidelidade}</arg>
<arg>Firefox</arg>
</arguments>
<msg timestamp="20210404 15:36:46.631" level="INFO">Opening browser 'Firefox' to base url 'https://www.fidelidade.pt/PT/particulares/Auto/Simuladores/Automovel/Paginas/default.aspx'.</msg>
<msg timestamp="20210404 15:36:46.633" level="INFO">Firefox driver log is always forced to to: A:\testes\fidelidade\logs\geckodriver-4.log</msg>
<status status="PASS" starttime="20210404 15:36:46.630" endtime="20210404 15:37:02.989"></status>
</kw>
<kw name="Inciando o Teste" library="base">
<kw name="Validação de Página Principal Carregada" library="base">
<kw name="Aguardar pelo Elemento Iframe" library="base">
<kw name="Wait Until Element Is Visible" library="Selenium2Library">
<doc>Waits until the element ``locator`` is visible.</doc>
<arguments>
<arg>xpath://*[@id='Simulator']</arg>
</arguments>
<status status="PASS" starttime="20210404 15:37:03.001" endtime="20210404 15:37:03.214"></status>
</kw>
<status status="PASS" starttime="20210404 15:37:03.000" endtime="20210404 15:37:03.215"></status>
</kw>
<kw name="Selecionar o Iframe" library="base">
<kw name="Select Frame" library="Selenium2Library">
<doc>Sets frame identified by ``locator`` as the current frame.</doc>
<arguments>
<arg>xpath://*[@id='Simulator']</arg>
</arguments>
<msg timestamp="20210404 15:37:03.217" level="INFO">Selecting frame 'xpath://*[@id='Simulator']'.</msg>
<status status="PASS" starttime="20210404 15:37:03.216" endtime="20210404 15:37:03.376"></status>
</kw>
<status status="PASS" starttime="20210404 15:37:03.215" endtime="20210404 15:37:03.377"></status>
</kw>
<kw name="Page Should Contain Element" library="Selenium2Library">
<doc>Verifies that element ``locator`` is found on the current page.</doc>
<arguments>
<arg>css:.Bold</arg>
</arguments>
<msg timestamp="20210404 15:37:03.419" level="INFO">Current page contains element 'css:.Bold'.</msg>
<status status="PASS" starttime="20210404 15:37:03.377" endtime="20210404 15:37:03.419"></status>
</kw>
<kw name="Page Should Contain" library="Selenium2Library">
<doc>Verifies that current page contains ``text``.</doc>
<arguments>
<arg>Qual é a sua matrícula?</arg>
</arguments>
<msg timestamp="20210404 15:37:03.547" level="INFO">Current page contains text 'Qual é a sua matrícula?'.</msg>
<status status="PASS" starttime="20210404 15:37:03.420" endtime="20210404 15:37:03.547"></status>
</kw>
<status status="PASS" starttime="20210404 15:37:02.999" endtime="20210404 15:37:03.548"></status>
</kw>
<status status="PASS" starttime="20210404 15:37:02.999" endtime="20210404 15:37:03.548"></status>
</kw>
<kw name="Buscando a Matricula" library="base">
<kw name="Aguardar pelo Elemento Iframe" library="base">
<kw name="Wait Until Element Is Visible" library="Selenium2Library">
<doc>Waits until the element ``locator`` is visible.</doc>
<arguments>
<arg>xpath://*[@id='Simulator']</arg>
</arguments>
<status status="PASS" starttime="20210404 15:37:03.583" endtime="20210404 15:37:03.728"></status>
</kw>
<status status="PASS" starttime="20210404 15:37:03.583" endtime="20210404 15:37:03.728"></status>
</kw>
<kw name="Selecionar o Iframe" library="base">
<kw name="Select Frame" library="Selenium2Library">
<doc>Sets frame identified by ``locator`` as the current frame.</doc>
<arguments>
<arg>xpath://*[@id='Simulator']</arg>
</arguments>
<msg timestamp="20210404 15:37:03.730" level="INFO">Selecting frame 'xpath://*[@id='Simulator']'.</msg>
<status status="PASS" starttime="20210404 15:37:03.729" endtime="20210404 15:37:03.781"></status>
</kw>
<status status="PASS" starttime="20210404 15:37:03.729" endtime="20210404 15:37:03.781"></status>
</kw>
<kw name="Clicar no Campo de Matricula" library="base">
<kw name="Click Element" library="Selenium2Library">
<doc>Click the element identified by ``locator``.</doc>
<arguments>
<arg>xpath://input[@class="OSFillParent"]</arg>
</arguments>
<msg timestamp="20210404 15:37:03.783" level="INFO">Clicking element 'xpath://input[@class="OSFillParent"]'.</msg>
<status status="PASS" starttime="20210404 15:37:03.782" endtime="20210404 15:37:04.516"></status>
</kw>
<status status="PASS" starttime="20210404 15:37:03.782" endtime="20210404 15:37:04.517"></status>
</kw>
<status status="PASS" starttime="20210404 15:37:03.582" endtime="20210404 15:37:04.517"></status>
</kw>
<kw name="Inserindo a Matricula" library="base">
<arguments>
<arg>${TC04}</arg>
</arguments>
<kw name="Input Text" library="Selenium2Library">
<doc>Types the given ``text`` into the text field identified by ``locator``.</doc>
<arguments>
<arg>xpath://input[@class="OSFillParent"]</arg>
<arg>${matricula}</arg>
</arguments>
<msg timestamp="20210404 15:37:04.519" level="INFO">Typing text 'ZZAA00' into text field 'xpath://input[@class="OSFillParent"]'.</msg>
<status status="PASS" starttime="20210404 15:37:04.519" endtime="20210404 15:37:04.586"></status>
</kw>
<status status="PASS" starttime="20210404 15:37:04.518" endtime="20210404 15:37:04.586"></status>
</kw>
<kw name="Validação de Matricula Inválida" library="base">
<kw name="Wait Until Element Is Visible" library="Selenium2Library">
<doc>Waits until the element ``locator`` is visible.</doc>
<arguments>
<arg>xpath://input[@disabled="disabled"]</arg>
</arguments>
<status status="PASS" starttime="20210404 15:37:04.589" endtime="20210404 15:37:04.628"></status>
</kw>
<kw name="Page Should Contain Element" library="Selenium2Library">
<doc>Verifies that element ``locator`` is found on the current page.</doc>
<arguments>
<arg>xpath://input[@disabled="disabled"]</arg>
</arguments>
<msg timestamp="20210404 15:37:04.636" level="INFO">Current page contains element 'xpath://input[@disabled="disabled"]'.</msg>
<status status="PASS" starttime="20210404 15:37:04.628" endtime="20210404 15:37:04.636"></status>
</kw>
<status status="PASS" starttime="20210404 15:37:04.588" endtime="20210404 15:37:04.636"></status>
</kw>
<kw name="Finalizando o Teste" library="base">
<kw name="Tirar Print da Tela" library="base">
<kw name="Capture Page Screenshot" library="Selenium2Library">
<doc>Takes a screenshot of the current page and embeds it into a log file.</doc>
<msg timestamp="20210404 15:37:04.742" level="INFO" html="yes">&lt;/td&gt;&lt;/tr&gt;&lt;tr&gt;&lt;td colspan="3"&gt;&lt;a href="selenium-screenshot-4.png"&gt;&lt;img src="selenium-screenshot-4.png" width="800px"&gt;&lt;/a&gt;</msg>
<status status="PASS" starttime="20210404 15:37:04.638" endtime="20210404 15:37:04.742"></status>
</kw>
<status status="PASS" starttime="20210404 15:37:04.638" endtime="20210404 15:37:04.743"></status>
</kw>
<status status="PASS" starttime="20210404 15:37:04.637" endtime="20210404 15:37:04.743"></status>
</kw>
<kw name="Close Browser" library="Selenium2Library" type="teardown">
<doc>Closes the current browser.</doc>
<status status="PASS" starttime="20210404 15:37:04.746" endtime="20210404 15:37:06.616"></status>
</kw>
<tags>
<tag>TC04</tag>
</tags>
<status status="PASS" starttime="20210404 15:36:46.628" endtime="20210404 15:37:06.620" critical="yes"></status>
</test>
<test id="s1-t5" name="TC05 - Tentativa de Acesso com a Matricula Vazia">
<kw name="Open Browser" library="Selenium2Library" type="setup">
<doc>Opens a new browser instance to the optional ``url``.</doc>
<arguments>
<arg>${fidelidade}</arg>
<arg>Firefox</arg>
</arguments>
<msg timestamp="20210404 15:37:06.629" level="INFO">Opening browser 'Firefox' to base url 'https://www.fidelidade.pt/PT/particulares/Auto/Simuladores/Automovel/Paginas/default.aspx'.</msg>
<msg timestamp="20210404 15:37:06.631" level="INFO">Firefox driver log is always forced to to: A:\testes\fidelidade\logs\geckodriver-5.log</msg>
<status status="PASS" starttime="20210404 15:37:06.628" endtime="20210404 15:37:23.136"></status>
</kw>
<kw name="Inciando o Teste" library="base">
<kw name="Validação de Página Principal Carregada" library="base">
<kw name="Aguardar pelo Elemento Iframe" library="base">
<kw name="Wait Until Element Is Visible" library="Selenium2Library">
<doc>Waits until the element ``locator`` is visible.</doc>
<arguments>
<arg>xpath://*[@id='Simulator']</arg>
</arguments>
<status status="PASS" starttime="20210404 15:37:23.139" endtime="20210404 15:37:23.322"></status>
</kw>
<status status="PASS" starttime="20210404 15:37:23.138" endtime="20210404 15:37:23.323"></status>
</kw>
<kw name="Selecionar o Iframe" library="base">
<kw name="Select Frame" library="Selenium2Library">
<doc>Sets frame identified by ``locator`` as the current frame.</doc>
<arguments>
<arg>xpath://*[@id='Simulator']</arg>
</arguments>
<msg timestamp="20210404 15:37:23.324" level="INFO">Selecting frame 'xpath://*[@id='Simulator']'.</msg>
<status status="PASS" starttime="20210404 15:37:23.324" endtime="20210404 15:37:23.383"></status>
</kw>
<status status="PASS" starttime="20210404 15:37:23.323" endtime="20210404 15:37:23.383"></status>
</kw>
<kw name="Page Should Contain Element" library="Selenium2Library">
<doc>Verifies that element ``locator`` is found on the current page.</doc>
<arguments>
<arg>css:.Bold</arg>
</arguments>
<msg timestamp="20210404 15:37:23.391" level="INFO">Current page contains element 'css:.Bold'.</msg>
<status status="PASS" starttime="20210404 15:37:23.383" endtime="20210404 15:37:23.392"></status>
</kw>
<kw name="Page Should Contain" library="Selenium2Library">
<doc>Verifies that current page contains ``text``.</doc>
<arguments>
<arg>Qual é a sua matrícula?</arg>
</arguments>
<msg timestamp="20210404 15:37:23.573" level="INFO">Current page contains text 'Qual é a sua matrícula?'.</msg>
<status status="PASS" starttime="20210404 15:37:23.392" endtime="20210404 15:37:23.574"></status>
</kw>
<status status="PASS" starttime="20210404 15:37:23.138" endtime="20210404 15:37:23.575"></status>
</kw>
<status status="PASS" starttime="20210404 15:37:23.137" endtime="20210404 15:37:23.575"></status>
</kw>
<kw name="Buscando a Matricula" library="base">
<kw name="Aguardar pelo Elemento Iframe" library="base">
<kw name="Wait Until Element Is Visible" library="Selenium2Library">
<doc>Waits until the element ``locator`` is visible.</doc>
<arguments>
<arg>xpath://*[@id='Simulator']</arg>
</arguments>
<status status="PASS" starttime="20210404 15:37:23.585" endtime="20210404 15:37:23.716"></status>
</kw>
<status status="PASS" starttime="20210404 15:37:23.584" endtime="20210404 15:37:23.716"></status>
</kw>
<kw name="Selecionar o Iframe" library="base">
<kw name="Select Frame" library="Selenium2Library">
<doc>Sets frame identified by ``locator`` as the current frame.</doc>
<arguments>
<arg>xpath://*[@id='Simulator']</arg>
</arguments>
<msg timestamp="20210404 15:37:23.718" level="INFO">Selecting frame 'xpath://*[@id='Simulator']'.</msg>
<status status="PASS" starttime="20210404 15:37:23.718" endtime="20210404 15:37:23.743"></status>
</kw>
<status status="PASS" starttime="20210404 15:37:23.717" endtime="20210404 15:37:23.743"></status>
</kw>
<kw name="Clicar no Campo de Matricula" library="base">
<kw name="Click Element" library="Selenium2Library">
<doc>Click the element identified by ``locator``.</doc>
<arguments>
<arg>xpath://input[@class="OSFillParent"]</arg>
</arguments>
<msg timestamp="20210404 15:37:23.745" level="INFO">Clicking element 'xpath://input[@class="OSFillParent"]'.</msg>
<status status="PASS" starttime="20210404 15:37:23.744" endtime="20210404 15:37:24.485"></status>
</kw>
<status status="PASS" starttime="20210404 15:37:23.744" endtime="20210404 15:37:24.485"></status>
</kw>
<status status="PASS" starttime="20210404 15:37:23.583" endtime="20210404 15:37:24.486"></status>
</kw>
<kw name="Inserindo a Matricula" library="base">
<arguments>
<arg>${TC05}</arg>
</arguments>
<kw name="Input Text" library="Selenium2Library">
<doc>Types the given ``text`` into the text field identified by ``locator``.</doc>
<arguments>
<arg>xpath://input[@class="OSFillParent"]</arg>
<arg>${matricula}</arg>
</arguments>
<msg timestamp="20210404 15:37:24.488" level="INFO">Typing text '' into text field 'xpath://input[@class="OSFillParent"]'.</msg>
<status status="PASS" starttime="20210404 15:37:24.487" endtime="20210404 15:37:24.530"></status>
</kw>
<status status="PASS" starttime="20210404 15:37:24.486" endtime="20210404 15:37:24.530"></status>
</kw>
<kw name="Validação de Matricula Inválida" library="base">
<kw name="Wait Until Element Is Visible" library="Selenium2Library">
<doc>Waits until the element ``locator`` is visible.</doc>
<arguments>
<arg>xpath://input[@disabled="disabled"]</arg>
</arguments>
<status status="PASS" starttime="20210404 15:37:24.533" endtime="20210404 15:37:24.588"></status>
</kw>
<kw name="Page Should Contain Element" library="Selenium2Library">
<doc>Verifies that element ``locator`` is found on the current page.</doc>
<arguments>
<arg>xpath://input[@disabled="disabled"]</arg>
</arguments>
<msg timestamp="20210404 15:37:24.593" level="INFO">Current page contains element 'xpath://input[@disabled="disabled"]'.</msg>
<status status="PASS" starttime="20210404 15:37:24.589" endtime="20210404 15:37:24.593"></status>
</kw>
<status status="PASS" starttime="20210404 15:37:24.532" endtime="20210404 15:37:24.593"></status>
</kw>
<kw name="Finalizando o Teste" library="base">
<kw name="Tirar Print da Tela" library="base">
<kw name="Capture Page Screenshot" library="Selenium2Library">
<doc>Takes a screenshot of the current page and embeds it into a log file.</doc>
<msg timestamp="20210404 15:37:24.702" level="INFO" html="yes">&lt;/td&gt;&lt;/tr&gt;&lt;tr&gt;&lt;td colspan="3"&gt;&lt;a href="selenium-screenshot-5.png"&gt;&lt;img src="selenium-screenshot-5.png" width="800px"&gt;&lt;/a&gt;</msg>
<status status="PASS" starttime="20210404 15:37:24.595" endtime="20210404 15:37:24.703"></status>
</kw>
<status status="PASS" starttime="20210404 15:37:24.595" endtime="20210404 15:37:24.703"></status>
</kw>
<status status="PASS" starttime="20210404 15:37:24.594" endtime="20210404 15:37:24.703"></status>
</kw>
<kw name="Close Browser" library="Selenium2Library" type="teardown">
<doc>Closes the current browser.</doc>
<status status="PASS" starttime="20210404 15:37:24.706" endtime="20210404 15:37:26.695"></status>
</kw>
<tags>
<tag>TC05</tag>
</tags>
<status status="PASS" starttime="20210404 15:37:06.625" endtime="20210404 15:37:26.710" critical="yes"></status>
</test>
<status status="PASS" starttime="20210404 15:35:21.007" endtime="20210404 15:37:26.713"></status>
</suite>
<statistics>
<total>
<stat pass="5" fail="0">Critical Tests</stat>
<stat pass="5" fail="0">All Tests</stat>
</total>
<tag>
<stat pass="1" fail="0">TC01</stat>
<stat pass="1" fail="0">TC02</stat>
<stat pass="1" fail="0">TC03</stat>
<stat pass="1" fail="0">TC04</stat>
<stat pass="1" fail="0">TC05</stat>
</tag>
<suite>
<stat pass="5" fail="0" id="s1" name="Casos">Casos</stat>
</suite>
</statistics>
<errors>
</errors>
</robot>
