<?xml version="1.0" encoding="UTF-8"?>
<robot generator="Robot 3.2.2 (Python 3.9.1 on win32)" generated="20210404 16:09:17.356" rpa="false">
<suite id="s1" name="Casos" source="A:\testes\fidelidade\casos.robot">
<test id="s1-t1" name="TC01 - Simulação com Matricula Válida: 05-DE-82">
<kw name="Open Browser" library="SeleniumLibrary" type="setup">
<doc>Opens a new browser instance to the optional ``url``.</doc>
<arguments>
<arg>${fidelidade}</arg>
<arg>Firefox</arg>
</arguments>
<msg timestamp="20210404 16:09:17.809" level="INFO">Opening browser 'Firefox' to base url 'https://www.fidelidade.pt/PT/particulares/Auto/Simuladores/Automovel/Paginas/default.aspx'.</msg>
<msg timestamp="20210404 16:09:17.811" level="INFO">Firefox driver log is always forced to to: A:\testes\fidelidade\logs\firefox\geckodriver-1.log</msg>
<status status="PASS" starttime="20210404 16:09:17.808" endtime="20210404 16:09:35.452"></status>
</kw>
<kw name="Inciando o Teste" library="setup">
<kw name="Validação de Página Principal Carregada" library="setup">
<kw name="Aguardar pelo Elemento Iframe" library="setup">
<kw name="Wait Until Element Is Visible" library="SeleniumLibrary">
<doc>Waits until the element ``locator`` is visible.</doc>
<arguments>
<arg>xpath://*[@id='Simulator']</arg>
</arguments>
<status status="PASS" starttime="20210404 16:09:35.478" endtime="20210404 16:09:35.600"></status>
</kw>
<status status="PASS" starttime="20210404 16:09:35.478" endtime="20210404 16:09:35.601"></status>
</kw>
<kw name="Selecionar o Iframe" library="setup">
<kw name="Select Frame" library="SeleniumLibrary">
<doc>Sets frame identified by ``locator`` as the current frame.</doc>
<arguments>
<arg>xpath://*[@id='Simulator']</arg>
</arguments>
<msg timestamp="20210404 16:09:35.602" level="INFO">Selecting frame 'xpath://*[@id='Simulator']'.</msg>
<status status="PASS" starttime="20210404 16:09:35.602" endtime="20210404 16:09:35.729"></status>
</kw>
<status status="PASS" starttime="20210404 16:09:35.601" endtime="20210404 16:09:35.729"></status>
</kw>
<kw name="Page Should Contain Element" library="SeleniumLibrary">
<doc>Verifies that element ``locator`` is found on the current page.</doc>
<arguments>
<arg>css:.Bold</arg>
</arguments>
<msg timestamp="20210404 16:09:35.784" level="INFO">Current page contains element 'css:.Bold'.</msg>
<status status="PASS" starttime="20210404 16:09:35.730" endtime="20210404 16:09:35.785"></status>
</kw>
<kw name="Page Should Contain" library="SeleniumLibrary">
<doc>Verifies that current page contains ``text``.</doc>
<arguments>
<arg>Qual é a sua matrícula?</arg>
</arguments>
<msg timestamp="20210404 16:09:35.886" level="INFO">Current page contains text 'Qual é a sua matrícula?'.</msg>
<status status="PASS" starttime="20210404 16:09:35.785" endtime="20210404 16:09:35.887"></status>
</kw>
<status status="PASS" starttime="20210404 16:09:35.477" endtime="20210404 16:09:35.887"></status>
</kw>
<status status="PASS" starttime="20210404 16:09:35.476" endtime="20210404 16:09:35.887"></status>
</kw>
<kw name="Buscando a Matricula" library="setup">
<kw name="Aguardar pelo Elemento Iframe" library="setup">
<kw name="Wait Until Element Is Visible" library="SeleniumLibrary">
<doc>Waits until the element ``locator`` is visible.</doc>
<arguments>
<arg>xpath://*[@id='Simulator']</arg>
</arguments>
<status status="PASS" starttime="20210404 16:09:35.889" endtime="20210404 16:09:35.937"></status>
</kw>
<status status="PASS" starttime="20210404 16:09:35.889" endtime="20210404 16:09:35.937"></status>
</kw>
<kw name="Selecionar o Iframe" library="setup">
<kw name="Select Frame" library="SeleniumLibrary">
<doc>Sets frame identified by ``locator`` as the current frame.</doc>
<arguments>
<arg>xpath://*[@id='Simulator']</arg>
</arguments>
<msg timestamp="20210404 16:09:35.938" level="INFO">Selecting frame 'xpath://*[@id='Simulator']'.</msg>
<status status="PASS" starttime="20210404 16:09:35.938" endtime="20210404 16:09:35.954"></status>
</kw>
<status status="PASS" starttime="20210404 16:09:35.937" endtime="20210404 16:09:35.955"></status>
</kw>
<kw name="Clicar no Campo de Matricula" library="setup">
<kw name="Click Element" library="SeleniumLibrary">
<doc>Click the element identified by ``locator``.</doc>
<arguments>
<arg>xpath://input[@class="OSFillParent"]</arg>
</arguments>
<msg timestamp="20210404 16:09:35.957" level="INFO">Clicking element 'xpath://input[@class="OSFillParent"]'.</msg>
<status status="PASS" starttime="20210404 16:09:35.956" endtime="20210404 16:09:36.720"></status>
</kw>
<status status="PASS" starttime="20210404 16:09:35.955" endtime="20210404 16:09:36.720"></status>
</kw>
<status status="PASS" starttime="20210404 16:09:35.888" endtime="20210404 16:09:36.720"></status>
</kw>
<kw name="Inserindo a Matricula" library="setup">
<arguments>
<arg>${TC01}</arg>
</arguments>
<kw name="Input Text" library="SeleniumLibrary">
<doc>Types the given ``text`` into the text field identified by ``locator``.</doc>
<arguments>
<arg>xpath://input[@class="OSFillParent"]</arg>
<arg>${matricula}</arg>
</arguments>
<msg timestamp="20210404 16:09:36.723" level="INFO">Typing text '05DE82' into text field 'xpath://input[@class="OSFillParent"]'.</msg>
<status status="PASS" starttime="20210404 16:09:36.722" endtime="20210404 16:09:36.802"></status>
</kw>
<status status="PASS" starttime="20210404 16:09:36.721" endtime="20210404 16:09:36.802"></status>
</kw>
<kw name="Validando a Matricula" library="setup">
<kw name="Clicar em Seguinte" library="setup">
<kw name="Wait Until Element Is Visible" library="SeleniumLibrary">
<doc>Waits until the element ``locator`` is visible.</doc>
<arguments>
<arg>xpath://*[@value="Seguinte"]</arg>
</arguments>
<status status="PASS" starttime="20210404 16:09:36.805" endtime="20210404 16:09:36.851"></status>
</kw>
<kw name="Wait Until Element Is Not Visible" library="SeleniumLibrary">
<doc>Waits until the element ``locator`` is not visible.</doc>
<arguments>
<arg>xpath://input[@disabled="disabled"]</arg>
</arguments>
<status status="PASS" starttime="20210404 16:09:36.851" endtime="20210404 16:09:38.541"></status>
</kw>
<kw name="Click Element" library="SeleniumLibrary">
<doc>Click the element identified by ``locator``.</doc>
<arguments>
<arg>xpath://*[@value="Seguinte"]</arg>
</arguments>
<msg timestamp="20210404 16:09:38.542" level="INFO">Clicking element 'xpath://*[@value="Seguinte"]'.</msg>
<status status="PASS" starttime="20210404 16:09:38.541" endtime="20210404 16:09:38.820"></status>
</kw>
<status status="PASS" starttime="20210404 16:09:36.804" endtime="20210404 16:09:38.821"></status>
</kw>
<status status="PASS" starttime="20210404 16:09:36.804" endtime="20210404 16:09:38.821"></status>
</kw>
<kw name="Validação de Matricula Válida" library="setup">
<kw name="Wait Until Element Is Not Visible" library="SeleniumLibrary">
<doc>Waits until the element ``locator`` is not visible.</doc>
<arguments>
<arg>xpath://input[@disabled="disabled"]</arg>
</arguments>
<status status="PASS" starttime="20210404 16:09:38.822" endtime="20210404 16:09:38.827"></status>
</kw>
<kw name="Page Should Not Contain Element" library="SeleniumLibrary">
<doc>Verifies that element ``locator`` is not found on the current page.</doc>
<arguments>
<arg>xpath://input[@disabled="disabled"]</arg>
</arguments>
<msg timestamp="20210404 16:09:38.834" level="INFO">Current page does not contain element 'xpath://input[@disabled="disabled"]'.</msg>
<status status="PASS" starttime="20210404 16:09:38.828" endtime="20210404 16:09:38.834"></status>
</kw>
<status status="PASS" starttime="20210404 16:09:38.821" endtime="20210404 16:09:38.834"></status>
</kw>
<kw name="Validação da Página de Cotação de Seguro" library="setup">
<kw name="Aguardar a Página por 2s" library="setup">
<kw name="Sleep" library="BuiltIn">
<doc>Pauses the test executed for the given time.</doc>
<arguments>
<arg>2</arg>
</arguments>
<msg timestamp="20210404 16:09:40.855" level="INFO">Slept 2 seconds</msg>
<status status="PASS" starttime="20210404 16:09:38.839" endtime="20210404 16:09:40.855"></status>
</kw>
<status status="PASS" starttime="20210404 16:09:38.838" endtime="20210404 16:09:40.856"></status>
</kw>
<kw name="Wait Until Element Is Visible" library="SeleniumLibrary">
<doc>Waits until the element ``locator`` is visible.</doc>
<arguments>
<arg>xpath://*[@class='HeaderContainer ResultsHeader']</arg>
</arguments>
<status status="PASS" starttime="20210404 16:09:40.856" endtime="20210404 16:09:43.096"></status>
</kw>
<kw name="Page Should Contain Element" library="SeleniumLibrary">
<doc>Verifies that element ``locator`` is found on the current page.</doc>
<arguments>
<arg>xpath://*[@class='HeaderContainer ResultsHeader']</arg>
</arguments>
<msg timestamp="20210404 16:09:43.106" level="INFO">Current page contains element 'xpath://*[@class='HeaderContainer ResultsHeader']'.</msg>
<status status="PASS" starttime="20210404 16:09:43.096" endtime="20210404 16:09:43.106"></status>
</kw>
<status status="PASS" starttime="20210404 16:09:38.837" endtime="20210404 16:09:43.106"></status>
</kw>
<kw name="Validação Cotação Matrícula 05-DE-82" library="setup">
<kw name="Wait Until Page Contains" library="SeleniumLibrary">
<doc>Waits until ``text`` appears on the current page.</doc>
<arguments>
<arg>Este é um exemplo de pré-simulação para o veículo FORD Fiesta</arg>
</arguments>
<status status="PASS" starttime="20210404 16:09:43.108" endtime="20210404 16:09:43.125"></status>
</kw>
<kw name="Page Should Contain" library="SeleniumLibrary">
<doc>Verifies that current page contains ``text``.</doc>
<arguments>
<arg>Este é um exemplo de pré-simulação para o veículo FORD Fiesta</arg>
</arguments>
<msg timestamp="20210404 16:09:43.256" level="INFO">Current page contains text 'Este é um exemplo de pré-simulação para o veículo FORD Fiesta'.</msg>
<status status="PASS" starttime="20210404 16:09:43.125" endtime="20210404 16:09:43.256"></status>
</kw>
<status status="PASS" starttime="20210404 16:09:43.107" endtime="20210404 16:09:43.256"></status>
</kw>
<kw name="Finalizando o Teste" library="setup">
<kw name="Tirar Print da Tela" library="setup">
<kw name="Capture Page Screenshot" library="SeleniumLibrary">
<doc>Takes a screenshot of the current page and embeds it into a log file.</doc>
<msg timestamp="20210404 16:09:43.528" level="INFO" html="yes">&lt;/td&gt;&lt;/tr&gt;&lt;tr&gt;&lt;td colspan="3"&gt;&lt;a href="selenium-screenshot-1.png"&gt;&lt;img src="selenium-screenshot-1.png" width="800px"&gt;&lt;/a&gt;</msg>
<status status="PASS" starttime="20210404 16:09:43.261" endtime="20210404 16:09:43.528"></status>
</kw>
<status status="PASS" starttime="20210404 16:09:43.260" endtime="20210404 16:09:43.529"></status>
</kw>
<status status="PASS" starttime="20210404 16:09:43.258" endtime="20210404 16:09:43.529"></status>
</kw>
<kw name="Close Browser" library="SeleniumLibrary" type="teardown">
<doc>Closes the current browser.</doc>
<status status="PASS" starttime="20210404 16:09:43.578" endtime="20210404 16:09:45.787"></status>
</kw>
<tags>
<tag>TC01 - Matricula Válida: 05-DE-82</tag>
</tags>
<status status="PASS" starttime="20210404 16:09:17.805" endtime="20210404 16:09:45.791" critical="yes"></status>
</test>
<test id="s1-t2" name="TC02 - Simulação com Matricula Válida: 24-54-XI">
<kw name="Open Browser" library="SeleniumLibrary" type="setup">
<doc>Opens a new browser instance to the optional ``url``.</doc>
<arguments>
<arg>${fidelidade}</arg>
<arg>Firefox</arg>
</arguments>
<msg timestamp="20210404 16:09:45.821" level="INFO">Opening browser 'Firefox' to base url 'https://www.fidelidade.pt/PT/particulares/Auto/Simuladores/Automovel/Paginas/default.aspx'.</msg>
<msg timestamp="20210404 16:09:45.822" level="INFO">Firefox driver log is always forced to to: A:\testes\fidelidade\logs\firefox\geckodriver-2.log</msg>
<status status="PASS" starttime="20210404 16:09:45.820" endtime="20210404 16:10:02.941"></status>
</kw>
<kw name="Inciando o Teste" library="setup">
<kw name="Validação de Página Principal Carregada" library="setup">
<kw name="Aguardar pelo Elemento Iframe" library="setup">
<kw name="Wait Until Element Is Visible" library="SeleniumLibrary">
<doc>Waits until the element ``locator`` is visible.</doc>
<arguments>
<arg>xpath://*[@id='Simulator']</arg>
</arguments>
<status status="PASS" starttime="20210404 16:10:02.951" endtime="20210404 16:10:03.184"></status>
</kw>
<status status="PASS" starttime="20210404 16:10:02.951" endtime="20210404 16:10:03.185"></status>
</kw>
<kw name="Selecionar o Iframe" library="setup">
<kw name="Select Frame" library="SeleniumLibrary">
<doc>Sets frame identified by ``locator`` as the current frame.</doc>
<arguments>
<arg>xpath://*[@id='Simulator']</arg>
</arguments>
<msg timestamp="20210404 16:10:03.186" level="INFO">Selecting frame 'xpath://*[@id='Simulator']'.</msg>
<status status="PASS" starttime="20210404 16:10:03.186" endtime="20210404 16:10:03.232"></status>
</kw>
<status status="PASS" starttime="20210404 16:10:03.185" endtime="20210404 16:10:03.232"></status>
</kw>
<kw name="Page Should Contain Element" library="SeleniumLibrary">
<doc>Verifies that element ``locator`` is found on the current page.</doc>
<arguments>
<arg>css:.Bold</arg>
</arguments>
<msg timestamp="20210404 16:10:03.253" level="INFO">Current page contains element 'css:.Bold'.</msg>
<status status="PASS" starttime="20210404 16:10:03.233" endtime="20210404 16:10:03.253"></status>
</kw>
<kw name="Page Should Contain" library="SeleniumLibrary">
<doc>Verifies that current page contains ``text``.</doc>
<arguments>
<arg>Qual é a sua matrícula?</arg>
</arguments>
<msg timestamp="20210404 16:10:03.522" level="INFO">Current page contains text 'Qual é a sua matrícula?'.</msg>
<status status="PASS" starttime="20210404 16:10:03.254" endtime="20210404 16:10:03.522"></status>
</kw>
<status status="PASS" starttime="20210404 16:10:02.950" endtime="20210404 16:10:03.522"></status>
</kw>
<status status="PASS" starttime="20210404 16:10:02.949" endtime="20210404 16:10:03.523"></status>
</kw>
<kw name="Buscando a Matricula" library="setup">
<kw name="Aguardar pelo Elemento Iframe" library="setup">
<kw name="Wait Until Element Is Visible" library="SeleniumLibrary">
<doc>Waits until the element ``locator`` is visible.</doc>
<arguments>
<arg>xpath://*[@id='Simulator']</arg>
</arguments>
<status status="PASS" starttime="20210404 16:10:03.528" endtime="20210404 16:10:03.594"></status>
</kw>
<status status="PASS" starttime="20210404 16:10:03.528" endtime="20210404 16:10:03.594"></status>
</kw>
<kw name="Selecionar o Iframe" library="setup">
<kw name="Select Frame" library="SeleniumLibrary">
<doc>Sets frame identified by ``locator`` as the current frame.</doc>
<arguments>
<arg>xpath://*[@id='Simulator']</arg>
</arguments>
<msg timestamp="20210404 16:10:03.596" level="INFO">Selecting frame 'xpath://*[@id='Simulator']'.</msg>
<status status="PASS" starttime="20210404 16:10:03.595" endtime="20210404 16:10:03.639"></status>
</kw>
<status status="PASS" starttime="20210404 16:10:03.595" endtime="20210404 16:10:03.639"></status>
</kw>
<kw name="Clicar no Campo de Matricula" library="setup">
<kw name="Click Element" library="SeleniumLibrary">
<doc>Click the element identified by ``locator``.</doc>
<arguments>
<arg>xpath://input[@class="OSFillParent"]</arg>
</arguments>
<msg timestamp="20210404 16:10:03.641" level="INFO">Clicking element 'xpath://input[@class="OSFillParent"]'.</msg>
<status status="PASS" starttime="20210404 16:10:03.640" endtime="20210404 16:10:04.404"></status>
</kw>
<status status="PASS" starttime="20210404 16:10:03.640" endtime="20210404 16:10:04.405"></status>
</kw>
<status status="PASS" starttime="20210404 16:10:03.527" endtime="20210404 16:10:04.405"></status>
</kw>
<kw name="Inserindo a Matricula" library="setup">
<arguments>
<arg>${TC02}</arg>
</arguments>
<kw name="Input Text" library="SeleniumLibrary">
<doc>Types the given ``text`` into the text field identified by ``locator``.</doc>
<arguments>
<arg>xpath://input[@class="OSFillParent"]</arg>
<arg>${matricula}</arg>
</arguments>
<msg timestamp="20210404 16:10:04.407" level="INFO">Typing text '2454XI' into text field 'xpath://input[@class="OSFillParent"]'.</msg>
<status status="PASS" starttime="20210404 16:10:04.406" endtime="20210404 16:10:04.478"></status>
</kw>
<status status="PASS" starttime="20210404 16:10:04.405" endtime="20210404 16:10:04.478"></status>
</kw>
<kw name="Validando a Matricula" library="setup">
<kw name="Clicar em Seguinte" library="setup">
<kw name="Wait Until Element Is Visible" library="SeleniumLibrary">
<doc>Waits until the element ``locator`` is visible.</doc>
<arguments>
<arg>xpath://*[@value="Seguinte"]</arg>
</arguments>
<status status="PASS" starttime="20210404 16:10:04.480" endtime="20210404 16:10:04.544"></status>
</kw>
<kw name="Wait Until Element Is Not Visible" library="SeleniumLibrary">
<doc>Waits until the element ``locator`` is not visible.</doc>
<arguments>
<arg>xpath://input[@disabled="disabled"]</arg>
</arguments>
<status status="PASS" starttime="20210404 16:10:04.544" endtime="20210404 16:10:06.219"></status>
</kw>
<kw name="Click Element" library="SeleniumLibrary">
<doc>Click the element identified by ``locator``.</doc>
<arguments>
<arg>xpath://*[@value="Seguinte"]</arg>
</arguments>
<msg timestamp="20210404 16:10:06.219" level="INFO">Clicking element 'xpath://*[@value="Seguinte"]'.</msg>
<status status="PASS" starttime="20210404 16:10:06.219" endtime="20210404 16:10:06.495"></status>
</kw>
<status status="PASS" starttime="20210404 16:10:04.479" endtime="20210404 16:10:06.496"></status>
</kw>
<status status="PASS" starttime="20210404 16:10:04.478" endtime="20210404 16:10:06.498"></status>
</kw>
<kw name="Validação de Matricula Válida" library="setup">
<kw name="Wait Until Element Is Not Visible" library="SeleniumLibrary">
<doc>Waits until the element ``locator`` is not visible.</doc>
<arguments>
<arg>xpath://input[@disabled="disabled"]</arg>
</arguments>
<status status="PASS" starttime="20210404 16:10:06.505" endtime="20210404 16:10:06.511"></status>
</kw>
<kw name="Page Should Not Contain Element" library="SeleniumLibrary">
<doc>Verifies that element ``locator`` is not found on the current page.</doc>
<arguments>
<arg>xpath://input[@disabled="disabled"]</arg>
</arguments>
<msg timestamp="20210404 16:10:06.523" level="INFO">Current page does not contain element 'xpath://input[@disabled="disabled"]'.</msg>
<status status="PASS" starttime="20210404 16:10:06.511" endtime="20210404 16:10:06.523"></status>
</kw>
<status status="PASS" starttime="20210404 16:10:06.504" endtime="20210404 16:10:06.523"></status>
</kw>
<kw name="Validação da Página de Cotação de Seguro" library="setup">
<kw name="Aguardar a Página por 2s" library="setup">
<kw name="Sleep" library="BuiltIn">
<doc>Pauses the test executed for the given time.</doc>
<arguments>
<arg>2</arg>
</arguments>
<msg timestamp="20210404 16:10:08.527" level="INFO">Slept 2 seconds</msg>
<status status="PASS" starttime="20210404 16:10:06.525" endtime="20210404 16:10:08.527"></status>
</kw>
<status status="PASS" starttime="20210404 16:10:06.524" endtime="20210404 16:10:08.527"></status>
</kw>
<kw name="Wait Until Element Is Visible" library="SeleniumLibrary">
<doc>Waits until the element ``locator`` is visible.</doc>
<arguments>
<arg>xpath://*[@class='HeaderContainer ResultsHeader']</arg>
</arguments>
<status status="PASS" starttime="20210404 16:10:08.528" endtime="20210404 16:10:11.093"></status>
</kw>
<kw name="Page Should Contain Element" library="SeleniumLibrary">
<doc>Verifies that element ``locator`` is found on the current page.</doc>
<arguments>
<arg>xpath://*[@class='HeaderContainer ResultsHeader']</arg>
</arguments>
<msg timestamp="20210404 16:10:11.128" level="INFO">Current page contains element 'xpath://*[@class='HeaderContainer ResultsHeader']'.</msg>
<status status="PASS" starttime="20210404 16:10:11.094" endtime="20210404 16:10:11.128"></status>
</kw>
<status status="PASS" starttime="20210404 16:10:06.524" endtime="20210404 16:10:11.129"></status>
</kw>
<kw name="Validação Cotação Matrícula 24-54-XI" library="setup">
<kw name="Wait Until Page Contains" library="SeleniumLibrary">
<doc>Waits until ``text`` appears on the current page.</doc>
<arguments>
<arg>Este é um exemplo de pré-simulação para o veículo FORD Fiesta Diesel</arg>
</arguments>
<status status="PASS" starttime="20210404 16:10:11.157" endtime="20210404 16:10:11.239"></status>
</kw>
<kw name="Page Should Contain" library="SeleniumLibrary">
<doc>Verifies that current page contains ``text``.</doc>
<arguments>
<arg>Este é um exemplo de pré-simulação para o veículo FORD Fiesta Diesel</arg>
</arguments>
<msg timestamp="20210404 16:10:11.426" level="INFO">Current page contains text 'Este é um exemplo de pré-simulação para o veículo FORD Fiesta Diesel'.</msg>
<status status="PASS" starttime="20210404 16:10:11.239" endtime="20210404 16:10:11.427"></status>
</kw>
<status status="PASS" starttime="20210404 16:10:11.156" endtime="20210404 16:10:11.427"></status>
</kw>
<kw name="Finalizando o Teste" library="setup">
<kw name="Tirar Print da Tela" library="setup">
<kw name="Capture Page Screenshot" library="SeleniumLibrary">
<doc>Takes a screenshot of the current page and embeds it into a log file.</doc>
<msg timestamp="20210404 16:10:11.633" level="INFO" html="yes">&lt;/td&gt;&lt;/tr&gt;&lt;tr&gt;&lt;td colspan="3"&gt;&lt;a href="selenium-screenshot-2.png"&gt;&lt;img src="selenium-screenshot-2.png" width="800px"&gt;&lt;/a&gt;</msg>
<status status="PASS" starttime="20210404 16:10:11.431" endtime="20210404 16:10:11.633"></status>
</kw>
<status status="PASS" starttime="20210404 16:10:11.430" endtime="20210404 16:10:11.634"></status>
</kw>
<status status="PASS" starttime="20210404 16:10:11.429" endtime="20210404 16:10:11.634"></status>
</kw>
<kw name="Close Browser" library="SeleniumLibrary" type="teardown">
<doc>Closes the current browser.</doc>
<status status="PASS" starttime="20210404 16:10:11.661" endtime="20210404 16:10:13.606"></status>
</kw>
<tags>
<tag>TC02 - Matricula Válida: 24-54-XI</tag>
</tags>
<status status="PASS" starttime="20210404 16:09:45.819" endtime="20210404 16:10:13.610" critical="yes"></status>
</test>
<test id="s1-t3" name="TC03 - Simulação com Matricula Válida: 22-HT-53">
<kw name="Open Browser" library="SeleniumLibrary" type="setup">
<doc>Opens a new browser instance to the optional ``url``.</doc>
<arguments>
<arg>${fidelidade}</arg>
<arg>Firefox</arg>
</arguments>
<msg timestamp="20210404 16:10:13.615" level="INFO">Opening browser 'Firefox' to base url 'https://www.fidelidade.pt/PT/particulares/Auto/Simuladores/Automovel/Paginas/default.aspx'.</msg>
<msg timestamp="20210404 16:10:13.616" level="INFO">Firefox driver log is always forced to to: A:\testes\fidelidade\logs\firefox\geckodriver-3.log</msg>
<status status="PASS" starttime="20210404 16:10:13.614" endtime="20210404 16:10:29.771"></status>
</kw>
<kw name="Inciando o Teste" library="setup">
<kw name="Validação de Página Principal Carregada" library="setup">
<kw name="Aguardar pelo Elemento Iframe" library="setup">
<kw name="Wait Until Element Is Visible" library="SeleniumLibrary">
<doc>Waits until the element ``locator`` is visible.</doc>
<arguments>
<arg>xpath://*[@id='Simulator']</arg>
</arguments>
<status status="PASS" starttime="20210404 16:10:29.802" endtime="20210404 16:10:30.021"></status>
</kw>
<status status="PASS" starttime="20210404 16:10:29.802" endtime="20210404 16:10:30.021"></status>
</kw>
<kw name="Selecionar o Iframe" library="setup">
<kw name="Select Frame" library="SeleniumLibrary">
<doc>Sets frame identified by ``locator`` as the current frame.</doc>
<arguments>
<arg>xpath://*[@id='Simulator']</arg>
</arguments>
<msg timestamp="20210404 16:10:30.022" level="INFO">Selecting frame 'xpath://*[@id='Simulator']'.</msg>
<status status="PASS" starttime="20210404 16:10:30.022" endtime="20210404 16:10:30.092"></status>
</kw>
<status status="PASS" starttime="20210404 16:10:30.021" endtime="20210404 16:10:30.092"></status>
</kw>
<kw name="Page Should Contain Element" library="SeleniumLibrary">
<doc>Verifies that element ``locator`` is found on the current page.</doc>
<arguments>
<arg>css:.Bold</arg>
</arguments>
<msg timestamp="20210404 16:10:30.122" level="INFO">Current page contains element 'css:.Bold'.</msg>
<status status="PASS" starttime="20210404 16:10:30.093" endtime="20210404 16:10:30.122"></status>
</kw>
<kw name="Page Should Contain" library="SeleniumLibrary">
<doc>Verifies that current page contains ``text``.</doc>
<arguments>
<arg>Qual é a sua matrícula?</arg>
</arguments>
<msg timestamp="20210404 16:10:30.271" level="INFO">Current page contains text 'Qual é a sua matrícula?'.</msg>
<status status="PASS" starttime="20210404 16:10:30.123" endtime="20210404 16:10:30.271"></status>
</kw>
<status status="PASS" starttime="20210404 16:10:29.801" endtime="20210404 16:10:30.271"></status>
</kw>
<status status="PASS" starttime="20210404 16:10:29.800" endtime="20210404 16:10:30.272"></status>
</kw>
<kw name="Buscando a Matricula" library="setup">
<kw name="Aguardar pelo Elemento Iframe" library="setup">
<kw name="Wait Until Element Is Visible" library="SeleniumLibrary">
<doc>Waits until the element ``locator`` is visible.</doc>
<arguments>
<arg>xpath://*[@id='Simulator']</arg>
</arguments>
<status status="PASS" starttime="20210404 16:10:30.273" endtime="20210404 16:10:30.334"></status>
</kw>
<status status="PASS" starttime="20210404 16:10:30.273" endtime="20210404 16:10:30.335"></status>
</kw>
<kw name="Selecionar o Iframe" library="setup">
<kw name="Select Frame" library="SeleniumLibrary">
<doc>Sets frame identified by ``locator`` as the current frame.</doc>
<arguments>
<arg>xpath://*[@id='Simulator']</arg>
</arguments>
<msg timestamp="20210404 16:10:30.336" level="INFO">Selecting frame 'xpath://*[@id='Simulator']'.</msg>
<status status="PASS" starttime="20210404 16:10:30.336" endtime="20210404 16:10:30.354"></status>
</kw>
<status status="PASS" starttime="20210404 16:10:30.335" endtime="20210404 16:10:30.354"></status>
</kw>
<kw name="Clicar no Campo de Matricula" library="setup">
<kw name="Click Element" library="SeleniumLibrary">
<doc>Click the element identified by ``locator``.</doc>
<arguments>
<arg>xpath://input[@class="OSFillParent"]</arg>
</arguments>
<msg timestamp="20210404 16:10:30.355" level="INFO">Clicking element 'xpath://input[@class="OSFillParent"]'.</msg>
<status status="PASS" starttime="20210404 16:10:30.355" endtime="20210404 16:10:31.100"></status>
</kw>
<status status="PASS" starttime="20210404 16:10:30.354" endtime="20210404 16:10:31.101"></status>
</kw>
<status status="PASS" starttime="20210404 16:10:30.272" endtime="20210404 16:10:31.101"></status>
</kw>
<kw name="Inserindo a Matricula" library="setup">
<arguments>
<arg>${TC03}</arg>
</arguments>
<kw name="Input Text" library="SeleniumLibrary">
<doc>Types the given ``text`` into the text field identified by ``locator``.</doc>
<arguments>
<arg>xpath://input[@class="OSFillParent"]</arg>
<arg>${matricula}</arg>
</arguments>
<msg timestamp="20210404 16:10:31.103" level="INFO">Typing text '22HT53' into text field 'xpath://input[@class="OSFillParent"]'.</msg>
<status status="PASS" starttime="20210404 16:10:31.102" endtime="20210404 16:10:31.172"></status>
</kw>
<status status="PASS" starttime="20210404 16:10:31.101" endtime="20210404 16:10:31.173"></status>
</kw>
<kw name="Validando a Matricula" library="setup">
<kw name="Clicar em Seguinte" library="setup">
<kw name="Wait Until Element Is Visible" library="SeleniumLibrary">
<doc>Waits until the element ``locator`` is visible.</doc>
<arguments>
<arg>xpath://*[@value="Seguinte"]</arg>
</arguments>
<status status="PASS" starttime="20210404 16:10:31.175" endtime="20210404 16:10:31.222"></status>
</kw>
<kw name="Wait Until Element Is Not Visible" library="SeleniumLibrary">
<doc>Waits until the element ``locator`` is not visible.</doc>
<arguments>
<arg>xpath://input[@disabled="disabled"]</arg>
</arguments>
<status status="PASS" starttime="20210404 16:10:31.222" endtime="20210404 16:10:32.887"></status>
</kw>
<kw name="Click Element" library="SeleniumLibrary">
<doc>Click the element identified by ``locator``.</doc>
<arguments>
<arg>xpath://*[@value="Seguinte"]</arg>
</arguments>
<msg timestamp="20210404 16:10:32.888" level="INFO">Clicking element 'xpath://*[@value="Seguinte"]'.</msg>
<status status="PASS" starttime="20210404 16:10:32.887" endtime="20210404 16:10:33.195"></status>
</kw>
<status status="PASS" starttime="20210404 16:10:31.174" endtime="20210404 16:10:33.196"></status>
</kw>
<status status="PASS" starttime="20210404 16:10:31.174" endtime="20210404 16:10:33.196"></status>
</kw>
<kw name="Validação de Matricula Válida" library="setup">
<kw name="Wait Until Element Is Not Visible" library="SeleniumLibrary">
<doc>Waits until the element ``locator`` is not visible.</doc>
<arguments>
<arg>xpath://input[@disabled="disabled"]</arg>
</arguments>
<status status="PASS" starttime="20210404 16:10:33.197" endtime="20210404 16:10:33.203"></status>
</kw>
<kw name="Page Should Not Contain Element" library="SeleniumLibrary">
<doc>Verifies that element ``locator`` is not found on the current page.</doc>
<arguments>
<arg>xpath://input[@disabled="disabled"]</arg>
</arguments>
<msg timestamp="20210404 16:10:33.214" level="INFO">Current page does not contain element 'xpath://input[@disabled="disabled"]'.</msg>
<status status="PASS" starttime="20210404 16:10:33.203" endtime="20210404 16:10:33.214"></status>
</kw>
<status status="PASS" starttime="20210404 16:10:33.197" endtime="20210404 16:10:33.215"></status>
</kw>
<kw name="Validação Cotação Matrícula 22-HT-53" library="setup">
<kw name="Aguardar a Página por 2s" library="setup">
<kw name="Sleep" library="BuiltIn">
<doc>Pauses the test executed for the given time.</doc>
<arguments>
<arg>2</arg>
</arguments>
<msg timestamp="20210404 16:10:35.221" level="INFO">Slept 2 seconds</msg>
<status status="PASS" starttime="20210404 16:10:33.216" endtime="20210404 16:10:35.221"></status>
</kw>
<status status="PASS" starttime="20210404 16:10:33.216" endtime="20210404 16:10:35.222"></status>
</kw>
<kw name="Wait Until Page Contains" library="SeleniumLibrary">
<doc>Waits until ``text`` appears on the current page.</doc>
<arguments>
<arg>Este é um exemplo de pré-simulação para o veículo RENAULT Clio III Break Diesel</arg>
</arguments>
<status status="PASS" starttime="20210404 16:10:35.222" endtime="20210404 16:10:37.883"></status>
</kw>
<kw name="Page Should Contain" library="SeleniumLibrary">
<doc>Verifies that current page contains ``text``.</doc>
<arguments>
<arg>Este é um exemplo de pré-simulação para o veículo RENAULT Clio III Break Diesel</arg>
</arguments>
<msg timestamp="20210404 16:10:38.135" level="INFO">Current page contains text 'Este é um exemplo de pré-simulação para o veículo RENAULT Clio III Break Diesel'.</msg>
<status status="PASS" starttime="20210404 16:10:37.884" endtime="20210404 16:10:38.135"></status>
</kw>
<status status="PASS" starttime="20210404 16:10:33.215" endtime="20210404 16:10:38.136"></status>
</kw>
<kw name="Finalizando o Teste" library="setup">
<kw name="Tirar Print da Tela" library="setup">
<kw name="Capture Page Screenshot" library="SeleniumLibrary">
<doc>Takes a screenshot of the current page and embeds it into a log file.</doc>
<msg timestamp="20210404 16:10:38.331" level="INFO" html="yes">&lt;/td&gt;&lt;/tr&gt;&lt;tr&gt;&lt;td colspan="3"&gt;&lt;a href="selenium-screenshot-3.png"&gt;&lt;img src="selenium-screenshot-3.png" width="800px"&gt;&lt;/a&gt;</msg>
<status status="PASS" starttime="20210404 16:10:38.138" endtime="20210404 16:10:38.331"></status>
</kw>
<status status="PASS" starttime="20210404 16:10:38.137" endtime="20210404 16:10:38.331"></status>
</kw>
<status status="PASS" starttime="20210404 16:10:38.136" endtime="20210404 16:10:38.332"></status>
</kw>
<kw name="Close Browser" library="SeleniumLibrary" type="teardown">
<doc>Closes the current browser.</doc>
<status status="PASS" starttime="20210404 16:10:38.357" endtime="20210404 16:10:40.978"></status>
</kw>
<tags>
<tag>TC03 - Matricula Válida: 22-HT-53</tag>
</tags>
<status status="PASS" starttime="20210404 16:10:13.612" endtime="20210404 16:10:40.980" critical="yes"></status>
</test>
<test id="s1-t4" name="TC04 - Tentativa de Acesso com a Matricula Inválida: ZZ-AA-00">
<kw name="Open Browser" library="SeleniumLibrary" type="setup">
<doc>Opens a new browser instance to the optional ``url``.</doc>
<arguments>
<arg>${fidelidade}</arg>
<arg>Firefox</arg>
</arguments>
<msg timestamp="20210404 16:10:40.984" level="INFO">Opening browser 'Firefox' to base url 'https://www.fidelidade.pt/PT/particulares/Auto/Simuladores/Automovel/Paginas/default.aspx'.</msg>
<msg timestamp="20210404 16:10:40.986" level="INFO">Firefox driver log is always forced to to: A:\testes\fidelidade\logs\firefox\geckodriver-4.log</msg>
<status status="PASS" starttime="20210404 16:10:40.983" endtime="20210404 16:10:58.183"></status>
</kw>
<kw name="Inciando o Teste" library="setup">
<kw name="Validação de Página Principal Carregada" library="setup">
<kw name="Aguardar pelo Elemento Iframe" library="setup">
<kw name="Wait Until Element Is Visible" library="SeleniumLibrary">
<doc>Waits until the element ``locator`` is visible.</doc>
<arguments>
<arg>xpath://*[@id='Simulator']</arg>
</arguments>
<status status="PASS" starttime="20210404 16:10:58.190" endtime="20210404 16:10:58.382"></status>
</kw>
<status status="PASS" starttime="20210404 16:10:58.189" endtime="20210404 16:10:58.382"></status>
</kw>
<kw name="Selecionar o Iframe" library="setup">
<kw name="Select Frame" library="SeleniumLibrary">
<doc>Sets frame identified by ``locator`` as the current frame.</doc>
<arguments>
<arg>xpath://*[@id='Simulator']</arg>
</arguments>
<msg timestamp="20210404 16:10:58.384" level="INFO">Selecting frame 'xpath://*[@id='Simulator']'.</msg>
<status status="PASS" starttime="20210404 16:10:58.383" endtime="20210404 16:10:58.410"></status>
</kw>
<status status="PASS" starttime="20210404 16:10:58.383" endtime="20210404 16:10:58.410"></status>
</kw>
<kw name="Page Should Contain Element" library="SeleniumLibrary">
<doc>Verifies that element ``locator`` is found on the current page.</doc>
<arguments>
<arg>css:.Bold</arg>
</arguments>
<msg timestamp="20210404 16:10:58.418" level="INFO">Current page contains element 'css:.Bold'.</msg>
<status status="PASS" starttime="20210404 16:10:58.410" endtime="20210404 16:10:58.418"></status>
</kw>
<kw name="Page Should Contain" library="SeleniumLibrary">
<doc>Verifies that current page contains ``text``.</doc>
<arguments>
<arg>Qual é a sua matrícula?</arg>
</arguments>
<msg timestamp="20210404 16:10:58.677" level="INFO">Current page contains text 'Qual é a sua matrícula?'.</msg>
<status status="PASS" starttime="20210404 16:10:58.419" endtime="20210404 16:10:58.677"></status>
</kw>
<status status="PASS" starttime="20210404 16:10:58.188" endtime="20210404 16:10:58.678"></status>
</kw>
<status status="PASS" starttime="20210404 16:10:58.188" endtime="20210404 16:10:58.678"></status>
</kw>
<kw name="Buscando a Matricula" library="setup">
<kw name="Aguardar pelo Elemento Iframe" library="setup">
<kw name="Wait Until Element Is Visible" library="SeleniumLibrary">
<doc>Waits until the element ``locator`` is visible.</doc>
<arguments>
<arg>xpath://*[@id='Simulator']</arg>
</arguments>
<status status="PASS" starttime="20210404 16:10:58.681" endtime="20210404 16:10:58.773"></status>
</kw>
<status status="PASS" starttime="20210404 16:10:58.680" endtime="20210404 16:10:58.773"></status>
</kw>
<kw name="Selecionar o Iframe" library="setup">
<kw name="Select Frame" library="SeleniumLibrary">
<doc>Sets frame identified by ``locator`` as the current frame.</doc>
<arguments>
<arg>xpath://*[@id='Simulator']</arg>
</arguments>
<msg timestamp="20210404 16:10:58.775" level="INFO">Selecting frame 'xpath://*[@id='Simulator']'.</msg>
<status status="PASS" starttime="20210404 16:10:58.774" endtime="20210404 16:10:58.789"></status>
</kw>
<status status="PASS" starttime="20210404 16:10:58.774" endtime="20210404 16:10:58.790"></status>
</kw>
<kw name="Clicar no Campo de Matricula" library="setup">
<kw name="Click Element" library="SeleniumLibrary">
<doc>Click the element identified by ``locator``.</doc>
<arguments>
<arg>xpath://input[@class="OSFillParent"]</arg>
</arguments>
<msg timestamp="20210404 16:10:58.792" level="INFO">Clicking element 'xpath://input[@class="OSFillParent"]'.</msg>
<status status="PASS" starttime="20210404 16:10:58.791" endtime="20210404 16:10:59.543"></status>
</kw>
<status status="PASS" starttime="20210404 16:10:58.790" endtime="20210404 16:10:59.543"></status>
</kw>
<status status="PASS" starttime="20210404 16:10:58.679" endtime="20210404 16:10:59.543"></status>
</kw>
<kw name="Inserindo a Matricula" library="setup">
<arguments>
<arg>${TC04}</arg>
</arguments>
<kw name="Input Text" library="SeleniumLibrary">
<doc>Types the given ``text`` into the text field identified by ``locator``.</doc>
<arguments>
<arg>xpath://input[@class="OSFillParent"]</arg>
<arg>${matricula}</arg>
</arguments>
<msg timestamp="20210404 16:10:59.545" level="INFO">Typing text 'ZZAA00' into text field 'xpath://input[@class="OSFillParent"]'.</msg>
<status status="PASS" starttime="20210404 16:10:59.545" endtime="20210404 16:10:59.619"></status>
</kw>
<status status="PASS" starttime="20210404 16:10:59.544" endtime="20210404 16:10:59.620"></status>
</kw>
<kw name="Validação de Matricula Inválida" library="setup">
<kw name="Wait Until Element Is Visible" library="SeleniumLibrary">
<doc>Waits until the element ``locator`` is visible.</doc>
<arguments>
<arg>xpath://input[@disabled="disabled"]</arg>
</arguments>
<status status="PASS" starttime="20210404 16:10:59.621" endtime="20210404 16:10:59.666"></status>
</kw>
<kw name="Page Should Contain Element" library="SeleniumLibrary">
<doc>Verifies that element ``locator`` is found on the current page.</doc>
<arguments>
<arg>xpath://input[@disabled="disabled"]</arg>
</arguments>
<msg timestamp="20210404 16:10:59.671" level="INFO">Current page contains element 'xpath://input[@disabled="disabled"]'.</msg>
<status status="PASS" starttime="20210404 16:10:59.666" endtime="20210404 16:10:59.671"></status>
</kw>
<status status="PASS" starttime="20210404 16:10:59.620" endtime="20210404 16:10:59.671"></status>
</kw>
<kw name="Finalizando o Teste" library="setup">
<kw name="Tirar Print da Tela" library="setup">
<kw name="Capture Page Screenshot" library="SeleniumLibrary">
<doc>Takes a screenshot of the current page and embeds it into a log file.</doc>
<msg timestamp="20210404 16:10:59.780" level="INFO" html="yes">&lt;/td&gt;&lt;/tr&gt;&lt;tr&gt;&lt;td colspan="3"&gt;&lt;a href="selenium-screenshot-4.png"&gt;&lt;img src="selenium-screenshot-4.png" width="800px"&gt;&lt;/a&gt;</msg>
<status status="PASS" starttime="20210404 16:10:59.673" endtime="20210404 16:10:59.780"></status>
</kw>
<status status="PASS" starttime="20210404 16:10:59.673" endtime="20210404 16:10:59.781"></status>
</kw>
<status status="PASS" starttime="20210404 16:10:59.672" endtime="20210404 16:10:59.781"></status>
</kw>
<kw name="Close Browser" library="SeleniumLibrary" type="teardown">
<doc>Closes the current browser.</doc>
<status status="PASS" starttime="20210404 16:10:59.782" endtime="20210404 16:11:01.634"></status>
</kw>
<tags>
<tag>TC04 - Matricula Inválida: ZZ-AA-00</tag>
</tags>
<status status="PASS" starttime="20210404 16:10:40.982" endtime="20210404 16:11:01.637" critical="yes"></status>
</test>
<test id="s1-t5" name="TC05 - Tentativa de Acesso com a Matricula Vazia">
<kw name="Open Browser" library="SeleniumLibrary" type="setup">
<doc>Opens a new browser instance to the optional ``url``.</doc>
<arguments>
<arg>${fidelidade}</arg>
<arg>Firefox</arg>
</arguments>
<msg timestamp="20210404 16:11:01.700" level="INFO">Opening browser 'Firefox' to base url 'https://www.fidelidade.pt/PT/particulares/Auto/Simuladores/Automovel/Paginas/default.aspx'.</msg>
<msg timestamp="20210404 16:11:01.701" level="INFO">Firefox driver log is always forced to to: A:\testes\fidelidade\logs\firefox\geckodriver-5.log</msg>
<status status="PASS" starttime="20210404 16:11:01.699" endtime="20210404 16:11:18.314"></status>
</kw>
<kw name="Inciando o Teste" library="setup">
<kw name="Validação de Página Principal Carregada" library="setup">
<kw name="Aguardar pelo Elemento Iframe" library="setup">
<kw name="Wait Until Element Is Visible" library="SeleniumLibrary">
<doc>Waits until the element ``locator`` is visible.</doc>
<arguments>
<arg>xpath://*[@id='Simulator']</arg>
</arguments>
<status status="PASS" starttime="20210404 16:11:18.333" endtime="20210404 16:11:18.523"></status>
</kw>
<status status="PASS" starttime="20210404 16:11:18.332" endtime="20210404 16:11:18.524"></status>
</kw>
<kw name="Selecionar o Iframe" library="setup">
<kw name="Select Frame" library="SeleniumLibrary">
<doc>Sets frame identified by ``locator`` as the current frame.</doc>
<arguments>
<arg>xpath://*[@id='Simulator']</arg>
</arguments>
<msg timestamp="20210404 16:11:18.527" level="INFO">Selecting frame 'xpath://*[@id='Simulator']'.</msg>
<status status="PASS" starttime="20210404 16:11:18.526" endtime="20210404 16:11:18.695"></status>
</kw>
<status status="PASS" starttime="20210404 16:11:18.524" endtime="20210404 16:11:18.695"></status>
</kw>
<kw name="Page Should Contain Element" library="SeleniumLibrary">
<doc>Verifies that element ``locator`` is found on the current page.</doc>
<arguments>
<arg>css:.Bold</arg>
</arguments>
<msg timestamp="20210404 16:11:18.760" level="INFO">Current page contains element 'css:.Bold'.</msg>
<status status="PASS" starttime="20210404 16:11:18.695" endtime="20210404 16:11:18.760"></status>
</kw>
<kw name="Page Should Contain" library="SeleniumLibrary">
<doc>Verifies that current page contains ``text``.</doc>
<arguments>
<arg>Qual é a sua matrícula?</arg>
</arguments>
<msg timestamp="20210404 16:11:18.844" level="INFO">Current page contains text 'Qual é a sua matrícula?'.</msg>
<status status="PASS" starttime="20210404 16:11:18.760" endtime="20210404 16:11:18.845"></status>
</kw>
<status status="PASS" starttime="20210404 16:11:18.331" endtime="20210404 16:11:18.845"></status>
</kw>
<status status="PASS" starttime="20210404 16:11:18.330" endtime="20210404 16:11:18.845"></status>
</kw>
<kw name="Buscando a Matricula" library="setup">
<kw name="Aguardar pelo Elemento Iframe" library="setup">
<kw name="Wait Until Element Is Visible" library="SeleniumLibrary">
<doc>Waits until the element ``locator`` is visible.</doc>
<arguments>
<arg>xpath://*[@id='Simulator']</arg>
</arguments>
<status status="PASS" starttime="20210404 16:11:18.847" endtime="20210404 16:11:18.895"></status>
</kw>
<status status="PASS" starttime="20210404 16:11:18.846" endtime="20210404 16:11:18.896"></status>
</kw>
<kw name="Selecionar o Iframe" library="setup">
<kw name="Select Frame" library="SeleniumLibrary">
<doc>Sets frame identified by ``locator`` as the current frame.</doc>
<arguments>
<arg>xpath://*[@id='Simulator']</arg>
</arguments>
<msg timestamp="20210404 16:11:18.897" level="INFO">Selecting frame 'xpath://*[@id='Simulator']'.</msg>
<status status="PASS" starttime="20210404 16:11:18.896" endtime="20210404 16:11:18.910"></status>
</kw>
<status status="PASS" starttime="20210404 16:11:18.896" endtime="20210404 16:11:18.911"></status>
</kw>
<kw name="Clicar no Campo de Matricula" library="setup">
<kw name="Click Element" library="SeleniumLibrary">
<doc>Click the element identified by ``locator``.</doc>
<arguments>
<arg>xpath://input[@class="OSFillParent"]</arg>
</arguments>
<msg timestamp="20210404 16:11:18.911" level="INFO">Clicking element 'xpath://input[@class="OSFillParent"]'.</msg>
<status status="PASS" starttime="20210404 16:11:18.911" endtime="20210404 16:11:19.646"></status>
</kw>
<status status="PASS" starttime="20210404 16:11:18.911" endtime="20210404 16:11:19.647"></status>
</kw>
<status status="PASS" starttime="20210404 16:11:18.846" endtime="20210404 16:11:19.647"></status>
</kw>
<kw name="Inserindo a Matricula" library="setup">
<arguments>
<arg>${TC05}</arg>
</arguments>
<kw name="Input Text" library="SeleniumLibrary">
<doc>Types the given ``text`` into the text field identified by ``locator``.</doc>
<arguments>
<arg>xpath://input[@class="OSFillParent"]</arg>
<arg>${matricula}</arg>
</arguments>
<msg timestamp="20210404 16:11:19.650" level="INFO">Typing text '' into text field 'xpath://input[@class="OSFillParent"]'.</msg>
<status status="PASS" starttime="20210404 16:11:19.649" endtime="20210404 16:11:19.684"></status>
</kw>
<status status="PASS" starttime="20210404 16:11:19.648" endtime="20210404 16:11:19.685"></status>
</kw>
<kw name="Validação de Matricula Inválida" library="setup">
<kw name="Wait Until Element Is Visible" library="SeleniumLibrary">
<doc>Waits until the element ``locator`` is visible.</doc>
<arguments>
<arg>xpath://input[@disabled="disabled"]</arg>
</arguments>
<status status="PASS" starttime="20210404 16:11:19.696" endtime="20210404 16:11:19.739"></status>
</kw>
<kw name="Page Should Contain Element" library="SeleniumLibrary">
<doc>Verifies that element ``locator`` is found on the current page.</doc>
<arguments>
<arg>xpath://input[@disabled="disabled"]</arg>
</arguments>
<msg timestamp="20210404 16:11:19.745" level="INFO">Current page contains element 'xpath://input[@disabled="disabled"]'.</msg>
<status status="PASS" starttime="20210404 16:11:19.739" endtime="20210404 16:11:19.745"></status>
</kw>
<status status="PASS" starttime="20210404 16:11:19.695" endtime="20210404 16:11:19.745"></status>
</kw>
<kw name="Finalizando o Teste" library="setup">
<kw name="Tirar Print da Tela" library="setup">
<kw name="Capture Page Screenshot" library="SeleniumLibrary">
<doc>Takes a screenshot of the current page and embeds it into a log file.</doc>
<msg timestamp="20210404 16:11:19.841" level="INFO" html="yes">&lt;/td&gt;&lt;/tr&gt;&lt;tr&gt;&lt;td colspan="3"&gt;&lt;a href="selenium-screenshot-5.png"&gt;&lt;img src="selenium-screenshot-5.png" width="800px"&gt;&lt;/a&gt;</msg>
<status status="PASS" starttime="20210404 16:11:19.747" endtime="20210404 16:11:19.841"></status>
</kw>
<status status="PASS" starttime="20210404 16:11:19.747" endtime="20210404 16:11:19.841"></status>
</kw>
<status status="PASS" starttime="20210404 16:11:19.746" endtime="20210404 16:11:19.842"></status>
</kw>
<kw name="Close Browser" library="SeleniumLibrary" type="teardown">
<doc>Closes the current browser.</doc>
<status status="PASS" starttime="20210404 16:11:19.844" endtime="20210404 16:11:21.394"></status>
</kw>
<tags>
<tag>TC05 - Matricula Vazia</tag>
</tags>
<status status="PASS" starttime="20210404 16:11:01.697" endtime="20210404 16:11:21.394" critical="yes"></status>
</test>
<status status="PASS" starttime="20210404 16:09:17.359" endtime="20210404 16:11:21.399"></status>
</suite>
<statistics>
<total>
<stat pass="5" fail="0">Critical Tests</stat>
<stat pass="5" fail="0">All Tests</stat>
</total>
<tag>
<stat pass="1" fail="0">TC01 - Matricula Válida: 05-DE-82</stat>
<stat pass="1" fail="0">TC02 - Matricula Válida: 24-54-XI</stat>
<stat pass="1" fail="0">TC03 - Matricula Válida: 22-HT-53</stat>
<stat pass="1" fail="0">TC04 - Matricula Inválida: ZZ-AA-00</stat>
<stat pass="1" fail="0">TC05 - Matricula Vazia</stat>
</tag>
<suite>
<stat pass="5" fail="0" id="s1" name="Casos">Casos</stat>
</suite>
</statistics>
<errors>
</errors>
</robot>
